23-Oct-2018 07:48:22.746 INFO [main] org.apache.catalina.startup.VersionLoggerListener.log Server version:        Apache Tomcat/9.0.12
23-Oct-2018 07:48:22.749 INFO [main] org.apache.catalina.startup.VersionLoggerListener.log Server built:          Sep 4 2018 22:13:41 UTC
23-Oct-2018 07:48:22.749 INFO [main] org.apache.catalina.startup.VersionLoggerListener.log Server number:         9.0.12.0
23-Oct-2018 07:48:22.749 INFO [main] org.apache.catalina.startup.VersionLoggerListener.log OS Name:               Windows 10
23-Oct-2018 07:48:22.749 INFO [main] org.apache.catalina.startup.VersionLoggerListener.log OS Version:            10.0
23-Oct-2018 07:48:22.749 INFO [main] org.apache.catalina.startup.VersionLoggerListener.log Architecture:          amd64
23-Oct-2018 07:48:22.749 INFO [main] org.apache.catalina.startup.VersionLoggerListener.log Java Home:             C:\Program Files\Java\jdk1.8.0_162\jre
23-Oct-2018 07:48:22.750 INFO [main] org.apache.catalina.startup.VersionLoggerListener.log JVM Version:           1.8.0_162-b12
23-Oct-2018 07:48:22.750 INFO [main] org.apache.catalina.startup.VersionLoggerListener.log JVM Vendor:            Oracle Corporation
23-Oct-2018 07:48:22.750 INFO [main] org.apache.catalina.startup.VersionLoggerListener.log CATALINA_BASE:         D:\Eclipse Workspace\apache-tomcat-9.0.12
23-Oct-2018 07:48:22.750 INFO [main] org.apache.catalina.startup.VersionLoggerListener.log CATALINA_HOME:         D:\Eclipse Workspace\apache-tomcat-9.0.12
23-Oct-2018 07:48:22.750 INFO [main] org.apache.catalina.startup.VersionLoggerListener.log Command line argument: -Djava.util.logging.config.file=D:\Eclipse Workspace\apache-tomcat-9.0.12\conf\logging.properties
23-Oct-2018 07:48:22.750 INFO [main] org.apache.catalina.startup.VersionLoggerListener.log Command line argument: -Djava.util.logging.manager=org.apache.juli.ClassLoaderLogManager
23-Oct-2018 07:48:22.750 INFO [main] org.apache.catalina.startup.VersionLoggerListener.log Command line argument: -Djdk.tls.ephemeralDHKeySize=2048
23-Oct-2018 07:48:22.750 INFO [main] org.apache.catalina.startup.VersionLoggerListener.log Command line argument: -Djava.protocol.handler.pkgs=org.apache.catalina.webresources
23-Oct-2018 07:48:22.750 INFO [main] org.apache.catalina.startup.VersionLoggerListener.log Command line argument: -Dignore.endorsed.dirs=
23-Oct-2018 07:48:22.751 INFO [main] org.apache.catalina.startup.VersionLoggerListener.log Command line argument: -Dcatalina.base=D:\Eclipse Workspace\apache-tomcat-9.0.12
23-Oct-2018 07:48:22.755 INFO [main] org.apache.catalina.startup.VersionLoggerListener.log Command line argument: -Dcatalina.home=D:\Eclipse Workspace\apache-tomcat-9.0.12
23-Oct-2018 07:48:22.755 INFO [main] org.apache.catalina.startup.VersionLoggerListener.log Command line argument: -Djava.io.tmpdir=D:\Eclipse Workspace\apache-tomcat-9.0.12\temp
23-Oct-2018 07:48:22.755 INFO [main] org.apache.catalina.core.AprLifecycleListener.lifecycleEvent Loaded APR based Apache Tomcat Native library [1.2.17] using APR version [1.6.3].
23-Oct-2018 07:48:22.755 INFO [main] org.apache.catalina.core.AprLifecycleListener.lifecycleEvent APR capabilities: IPv6 [true], sendfile [true], accept filters [false], random [true].
23-Oct-2018 07:48:22.756 INFO [main] org.apache.catalina.core.AprLifecycleListener.lifecycleEvent APR/OpenSSL configuration: useAprConnector [false], useOpenSSL [true]
23-Oct-2018 07:48:23.843 INFO [main] org.apache.catalina.core.AprLifecycleListener.initializeSSL OpenSSL successfully initialized [OpenSSL 1.0.2o  27 Mar 2018]
23-Oct-2018 07:48:24.156 INFO [main] org.apache.coyote.AbstractProtocol.init Initializing ProtocolHandler ["http-nio-8080"]
23-Oct-2018 07:48:24.366 INFO [main] org.apache.tomcat.util.net.NioSelectorPool.getSharedSelector Using a shared selector for servlet write/read
23-Oct-2018 07:48:24.373 INFO [main] org.apache.coyote.AbstractProtocol.init Initializing ProtocolHandler ["ajp-nio-8009"]
23-Oct-2018 07:48:24.374 INFO [main] org.apache.tomcat.util.net.NioSelectorPool.getSharedSelector Using a shared selector for servlet write/read
23-Oct-2018 07:48:24.375 INFO [main] org.apache.catalina.startup.Catalina.load Initialization processed in 2707 ms
23-Oct-2018 07:48:24.463 INFO [main] org.apache.catalina.core.StandardService.startInternal Starting service [Catalina]
23-Oct-2018 07:48:24.463 INFO [main] org.apache.catalina.core.StandardEngine.startInternal Starting Servlet Engine: Apache Tomcat/9.0.12
23-Oct-2018 07:48:24.490 INFO [main] org.apache.catalina.startup.HostConfig.deployDirectory Deploying web application directory [D:\Eclipse Workspace\apache-tomcat-9.0.12\webapps\docs]
23-Oct-2018 07:48:25.149 INFO [main] org.apache.catalina.startup.HostConfig.deployDirectory Deployment of web application directory [D:\Eclipse Workspace\apache-tomcat-9.0.12\webapps\docs] has finished in [658] ms
23-Oct-2018 07:48:25.149 INFO [main] org.apache.catalina.startup.HostConfig.deployDirectory Deploying web application directory [D:\Eclipse Workspace\apache-tomcat-9.0.12\webapps\examples]
23-Oct-2018 07:48:27.358 INFO [main] org.apache.catalina.startup.HostConfig.deployDirectory Deployment of web application directory [D:\Eclipse Workspace\apache-tomcat-9.0.12\webapps\examples] has finished in [2,209] ms
23-Oct-2018 07:48:27.358 INFO [main] org.apache.catalina.startup.HostConfig.deployDirectory Deploying web application directory [D:\Eclipse Workspace\apache-tomcat-9.0.12\webapps\host-manager]
23-Oct-2018 07:48:27.450 INFO [main] org.apache.catalina.startup.HostConfig.deployDirectory Deployment of web application directory [D:\Eclipse Workspace\apache-tomcat-9.0.12\webapps\host-manager] has finished in [92] ms
23-Oct-2018 07:48:27.451 INFO [main] org.apache.catalina.startup.HostConfig.deployDirectory Deploying web application directory [D:\Eclipse Workspace\apache-tomcat-9.0.12\webapps\manager]
23-Oct-2018 07:48:27.499 INFO [main] org.apache.catalina.startup.HostConfig.deployDirectory Deployment of web application directory [D:\Eclipse Workspace\apache-tomcat-9.0.12\webapps\manager] has finished in [48] ms
23-Oct-2018 07:48:27.499 INFO [main] org.apache.catalina.startup.HostConfig.deployDirectory Deploying web application directory [D:\Eclipse Workspace\apache-tomcat-9.0.12\webapps\ROOT]
23-Oct-2018 07:48:27.538 INFO [main] org.apache.catalina.startup.HostConfig.deployDirectory Deployment of web application directory [D:\Eclipse Workspace\apache-tomcat-9.0.12\webapps\ROOT] has finished in [39] ms
23-Oct-2018 07:48:27.540 INFO [main] org.apache.coyote.AbstractProtocol.start Starting ProtocolHandler ["http-nio-8080"]
23-Oct-2018 07:48:27.551 INFO [main] org.apache.coyote.AbstractProtocol.start Starting ProtocolHandler ["ajp-nio-8009"]
23-Oct-2018 07:48:27.556 INFO [main] org.apache.catalina.startup.Catalina.start Server startup in 3180 ms
23-Oct-2018 07:48:41.579 INFO [http-nio-8080-exec-4] org.apache.catalina.startup.HostConfig.deployDescriptor Deploying deployment descriptor [D:\Eclipse Workspace\apache-tomcat-9.0.12\conf\Catalina\localhost\Login.xml]
23-Oct-2018 07:48:41.582 WARNING [http-nio-8080-exec-4] org.apache.catalina.startup.HostConfig.deployDescriptor The path attribute with value [/Login] in deployment descriptor [D:\Eclipse Workspace\apache-tomcat-9.0.12\conf\Catalina\localhost\Login.xml] has been ignored
23-Oct-2018 07:48:42.297 INFO [http-nio-8080-exec-4] org.apache.jasper.servlet.TldScanner.scanJars At least one JAR was scanned for TLDs yet contained no TLDs. Enable debug logging for this logger for a complete list of JARs that were scanned but no TLDs were found in them. Skipping unneeded JARs during scanning can improve startup time and JSP compilation time.
23-Oct-2018 07:48:42.304 INFO [http-nio-8080-exec-4] org.apache.catalina.startup.HostConfig.deployDescriptor Deployment of deployment descriptor [D:\Eclipse Workspace\apache-tomcat-9.0.12\conf\Catalina\localhost\Login.xml] has finished in [726] ms
23-Oct-2018 07:48:42.309 INFO [http-nio-8080-exec-5] org.apache.catalina.util.LifecycleBase.start The start() method was called on component [StandardEngine[Catalina].StandardHost[localhost].StandardContext[/Login]] after start() had already been called. The second call will be ignored.
23-Oct-2018 08:03:46.728 INFO [http-nio-8080-exec-4] org.apache.catalina.core.StandardContext.reload Reloading Context with name [/Login] has started
23-Oct-2018 08:03:47.430 INFO [http-nio-8080-exec-4] org.apache.jasper.servlet.TldScanner.scanJars At least one JAR was scanned for TLDs yet contained no TLDs. Enable debug logging for this logger for a complete list of JARs that were scanned but no TLDs were found in them. Skipping unneeded JARs during scanning can improve startup time and JSP compilation time.
23-Oct-2018 08:03:47.441 INFO [http-nio-8080-exec-4] org.apache.catalina.core.StandardContext.reload Reloading Context with name [/Login] is completed
23-Oct-2018 08:03:51.190 INFO [http-nio-8080-exec-6] org.apache.catalina.core.StandardContext.reload Reloading Context with name [/Login] has started
23-Oct-2018 08:03:51.855 INFO [http-nio-8080-exec-6] org.apache.jasper.servlet.TldScanner.scanJars At least one JAR was scanned for TLDs yet contained no TLDs. Enable debug logging for this logger for a complete list of JARs that were scanned but no TLDs were found in them. Skipping unneeded JARs during scanning can improve startup time and JSP compilation time.
23-Oct-2018 08:03:51.861 INFO [http-nio-8080-exec-6] org.apache.catalina.core.StandardContext.reload Reloading Context with name [/Login] is completed
23-Oct-2018 08:06:25.572 INFO [http-nio-8080-exec-12] org.apache.catalina.core.StandardContext.reload Reloading Context with name [/Login] has started
23-Oct-2018 08:06:26.810 INFO [http-nio-8080-exec-12] org.apache.jasper.servlet.TldScanner.scanJars At least one JAR was scanned for TLDs yet contained no TLDs. Enable debug logging for this logger for a complete list of JARs that were scanned but no TLDs were found in them. Skipping unneeded JARs during scanning can improve startup time and JSP compilation time.
23-Oct-2018 08:06:26.817 INFO [http-nio-8080-exec-12] org.apache.catalina.core.StandardContext.reload Reloading Context with name [/Login] is completed
23-Oct-2018 08:06:27.597 INFO [http-nio-8080-exec-2] org.apache.catalina.core.StandardContext.reload Reloading Context with name [/Login] has started
23-Oct-2018 08:06:28.494 INFO [http-nio-8080-exec-2] org.apache.jasper.servlet.TldScanner.scanJars At least one JAR was scanned for TLDs yet contained no TLDs. Enable debug logging for this logger for a complete list of JARs that were scanned but no TLDs were found in them. Skipping unneeded JARs during scanning can improve startup time and JSP compilation time.
23-Oct-2018 08:06:28.501 INFO [http-nio-8080-exec-2] org.apache.catalina.core.StandardContext.reload Reloading Context with name [/Login] is completed
23-Oct-2018 08:08:24.978 INFO [http-nio-8080-exec-19] org.apache.catalina.core.StandardContext.reload Reloading Context with name [/Login] has started
23-Oct-2018 08:08:25.712 INFO [http-nio-8080-exec-19] org.apache.jasper.servlet.TldScanner.scanJars At least one JAR was scanned for TLDs yet contained no TLDs. Enable debug logging for this logger for a complete list of JARs that were scanned but no TLDs were found in them. Skipping unneeded JARs during scanning can improve startup time and JSP compilation time.
23-Oct-2018 08:08:25.717 INFO [http-nio-8080-exec-19] org.apache.catalina.core.StandardContext.reload Reloading Context with name [/Login] is completed
23-Oct-2018 08:08:25.748 INFO [http-nio-8080-exec-7] org.apache.catalina.core.StandardContext.reload Reloading Context with name [/Login] has started
23-Oct-2018 08:08:26.561 INFO [http-nio-8080-exec-7] org.apache.jasper.servlet.TldScanner.scanJars At least one JAR was scanned for TLDs yet contained no TLDs. Enable debug logging for this logger for a complete list of JARs that were scanned but no TLDs were found in them. Skipping unneeded JARs during scanning can improve startup time and JSP compilation time.
23-Oct-2018 08:08:26.566 INFO [http-nio-8080-exec-7] org.apache.catalina.core.StandardContext.reload Reloading Context with name [/Login] is completed
23-Oct-2018 08:21:31.296 INFO [http-nio-8080-exec-25] org.apache.catalina.core.StandardContext.reload Reloading Context with name [/Login] has started
23-Oct-2018 08:21:31.944 INFO [http-nio-8080-exec-25] org.apache.jasper.servlet.TldScanner.scanJars At least one JAR was scanned for TLDs yet contained no TLDs. Enable debug logging for this logger for a complete list of JARs that were scanned but no TLDs were found in them. Skipping unneeded JARs during scanning can improve startup time and JSP compilation time.
23-Oct-2018 08:21:31.947 INFO [http-nio-8080-exec-25] org.apache.catalina.core.StandardContext.reload Reloading Context with name [/Login] is completed
23-Oct-2018 08:21:58.024 INFO [main] org.apache.catalina.core.StandardServer.await A valid shutdown command was received via the shutdown port. Stopping the Server instance.
23-Oct-2018 08:21:58.025 INFO [main] org.apache.coyote.AbstractProtocol.pause Pausing ProtocolHandler ["http-nio-8080"]
23-Oct-2018 08:21:58.207 INFO [main] org.apache.coyote.AbstractProtocol.pause Pausing ProtocolHandler ["ajp-nio-8009"]
23-Oct-2018 08:21:58.418 INFO [main] org.apache.catalina.core.StandardService.stopInternal Stopping service [Catalina]
23-Oct-2018 08:21:58.480 INFO [main] org.apache.coyote.AbstractProtocol.stop Stopping ProtocolHandler ["http-nio-8080"]
23-Oct-2018 08:21:58.485 INFO [main] org.apache.coyote.AbstractProtocol.stop Stopping ProtocolHandler ["ajp-nio-8009"]
23-Oct-2018 08:21:58.490 INFO [main] org.apache.coyote.AbstractProtocol.destroy Destroying ProtocolHandler ["http-nio-8080"]
23-Oct-2018 08:21:58.493 INFO [main] org.apache.coyote.AbstractProtocol.destroy Destroying ProtocolHandler ["ajp-nio-8009"]
23-Oct-2018 08:22:02.545 INFO [main] org.apache.catalina.startup.VersionLoggerListener.log Server version:        Apache Tomcat/9.0.12
23-Oct-2018 08:22:02.549 INFO [main] org.apache.catalina.startup.VersionLoggerListener.log Server built:          Sep 4 2018 22:13:41 UTC
23-Oct-2018 08:22:02.549 INFO [main] org.apache.catalina.startup.VersionLoggerListener.log Server number:         9.0.12.0
23-Oct-2018 08:22:02.549 INFO [main] org.apache.catalina.startup.VersionLoggerListener.log OS Name:               Windows 10
23-Oct-2018 08:22:02.549 INFO [main] org.apache.catalina.startup.VersionLoggerListener.log OS Version:            10.0
23-Oct-2018 08:22:02.549 INFO [main] org.apache.catalina.startup.VersionLoggerListener.log Architecture:          amd64
23-Oct-2018 08:22:02.550 INFO [main] org.apache.catalina.startup.VersionLoggerListener.log Java Home:             C:\Program Files\Java\jdk1.8.0_162\jre
23-Oct-2018 08:22:02.550 INFO [main] org.apache.catalina.startup.VersionLoggerListener.log JVM Version:           1.8.0_162-b12
23-Oct-2018 08:22:02.550 INFO [main] org.apache.catalina.startup.VersionLoggerListener.log JVM Vendor:            Oracle Corporation
23-Oct-2018 08:22:02.550 INFO [main] org.apache.catalina.startup.VersionLoggerListener.log CATALINA_BASE:         D:\Eclipse Workspace\apache-tomcat-9.0.12
23-Oct-2018 08:22:02.551 INFO [main] org.apache.catalina.startup.VersionLoggerListener.log CATALINA_HOME:         D:\Eclipse Workspace\apache-tomcat-9.0.12
23-Oct-2018 08:22:02.551 INFO [main] org.apache.catalina.startup.VersionLoggerListener.log Command line argument: -Djava.util.logging.config.file=D:\Eclipse Workspace\apache-tomcat-9.0.12\conf\logging.properties
23-Oct-2018 08:22:02.551 INFO [main] org.apache.catalina.startup.VersionLoggerListener.log Command line argument: -Djava.util.logging.manager=org.apache.juli.ClassLoaderLogManager
23-Oct-2018 08:22:02.552 INFO [main] org.apache.catalina.startup.VersionLoggerListener.log Command line argument: -Djdk.tls.ephemeralDHKeySize=2048
23-Oct-2018 08:22:02.552 INFO [main] org.apache.catalina.startup.VersionLoggerListener.log Command line argument: -Djava.protocol.handler.pkgs=org.apache.catalina.webresources
23-Oct-2018 08:22:02.552 INFO [main] org.apache.catalina.startup.VersionLoggerListener.log Command line argument: -Dignore.endorsed.dirs=
23-Oct-2018 08:22:02.552 INFO [main] org.apache.catalina.startup.VersionLoggerListener.log Command line argument: -Dcatalina.base=D:\Eclipse Workspace\apache-tomcat-9.0.12
23-Oct-2018 08:22:02.555 INFO [main] org.apache.catalina.startup.VersionLoggerListener.log Command line argument: -Dcatalina.home=D:\Eclipse Workspace\apache-tomcat-9.0.12
23-Oct-2018 08:22:02.555 INFO [main] org.apache.catalina.startup.VersionLoggerListener.log Command line argument: -Djava.io.tmpdir=D:\Eclipse Workspace\apache-tomcat-9.0.12\temp
23-Oct-2018 08:22:02.555 INFO [main] org.apache.catalina.core.AprLifecycleListener.lifecycleEvent Loaded APR based Apache Tomcat Native library [1.2.17] using APR version [1.6.3].
23-Oct-2018 08:22:02.555 INFO [main] org.apache.catalina.core.AprLifecycleListener.lifecycleEvent APR capabilities: IPv6 [true], sendfile [true], accept filters [false], random [true].
23-Oct-2018 08:22:02.556 INFO [main] org.apache.catalina.core.AprLifecycleListener.lifecycleEvent APR/OpenSSL configuration: useAprConnector [false], useOpenSSL [true]
23-Oct-2018 08:22:03.692 INFO [main] org.apache.catalina.core.AprLifecycleListener.initializeSSL OpenSSL successfully initialized [OpenSSL 1.0.2o  27 Mar 2018]
23-Oct-2018 08:22:03.839 INFO [main] org.apache.coyote.AbstractProtocol.init Initializing ProtocolHandler ["http-nio-8080"]
23-Oct-2018 08:22:04.039 INFO [main] org.apache.tomcat.util.net.NioSelectorPool.getSharedSelector Using a shared selector for servlet write/read
23-Oct-2018 08:22:04.046 INFO [main] org.apache.coyote.AbstractProtocol.init Initializing ProtocolHandler ["ajp-nio-8009"]
23-Oct-2018 08:22:04.048 INFO [main] org.apache.tomcat.util.net.NioSelectorPool.getSharedSelector Using a shared selector for servlet write/read
23-Oct-2018 08:22:04.048 INFO [main] org.apache.catalina.startup.Catalina.load Initialization processed in 1959 ms
23-Oct-2018 08:22:04.083 INFO [main] org.apache.catalina.core.StandardService.startInternal Starting service [Catalina]
23-Oct-2018 08:22:04.083 INFO [main] org.apache.catalina.core.StandardEngine.startInternal Starting Servlet Engine: Apache Tomcat/9.0.12
23-Oct-2018 08:22:04.096 INFO [main] org.apache.catalina.startup.HostConfig.deployDescriptor Deploying deployment descriptor [D:\Eclipse Workspace\apache-tomcat-9.0.12\conf\Catalina\localhost\Login.xml]
23-Oct-2018 08:22:04.129 WARNING [main] org.apache.catalina.startup.HostConfig.deployDescriptor The path attribute with value [/Login] in deployment descriptor [D:\Eclipse Workspace\apache-tomcat-9.0.12\conf\Catalina\localhost\Login.xml] has been ignored
23-Oct-2018 08:22:05.296 INFO [main] org.apache.jasper.servlet.TldScanner.scanJars At least one JAR was scanned for TLDs yet contained no TLDs. Enable debug logging for this logger for a complete list of JARs that were scanned but no TLDs were found in them. Skipping unneeded JARs during scanning can improve startup time and JSP compilation time.
23-Oct-2018 08:22:05.359 INFO [main] org.apache.catalina.startup.HostConfig.deployDescriptor Deployment of deployment descriptor [D:\Eclipse Workspace\apache-tomcat-9.0.12\conf\Catalina\localhost\Login.xml] has finished in [1,262] ms
23-Oct-2018 08:22:05.360 INFO [main] org.apache.catalina.startup.HostConfig.deployDirectory Deploying web application directory [D:\Eclipse Workspace\apache-tomcat-9.0.12\webapps\docs]
23-Oct-2018 08:22:05.388 INFO [main] org.apache.catalina.startup.HostConfig.deployDirectory Deployment of web application directory [D:\Eclipse Workspace\apache-tomcat-9.0.12\webapps\docs] has finished in [27] ms
23-Oct-2018 08:22:05.388 INFO [main] org.apache.catalina.startup.HostConfig.deployDirectory Deploying web application directory [D:\Eclipse Workspace\apache-tomcat-9.0.12\webapps\examples]
23-Oct-2018 08:22:05.708 INFO [main] org.apache.catalina.startup.HostConfig.deployDirectory Deployment of web application directory [D:\Eclipse Workspace\apache-tomcat-9.0.12\webapps\examples] has finished in [320] ms
23-Oct-2018 08:22:05.709 INFO [main] org.apache.catalina.startup.HostConfig.deployDirectory Deploying web application directory [D:\Eclipse Workspace\apache-tomcat-9.0.12\webapps\host-manager]
23-Oct-2018 08:22:05.739 INFO [main] org.apache.catalina.startup.HostConfig.deployDirectory Deployment of web application directory [D:\Eclipse Workspace\apache-tomcat-9.0.12\webapps\host-manager] has finished in [31] ms
23-Oct-2018 08:22:05.739 INFO [main] org.apache.catalina.startup.HostConfig.deployDirectory Deploying web application directory [D:\Eclipse Workspace\apache-tomcat-9.0.12\webapps\manager]
23-Oct-2018 08:22:05.767 INFO [main] org.apache.catalina.startup.HostConfig.deployDirectory Deployment of web application directory [D:\Eclipse Workspace\apache-tomcat-9.0.12\webapps\manager] has finished in [28] ms
23-Oct-2018 08:22:05.768 INFO [main] org.apache.catalina.startup.HostConfig.deployDirectory Deploying web application directory [D:\Eclipse Workspace\apache-tomcat-9.0.12\webapps\ROOT]
23-Oct-2018 08:22:05.801 INFO [main] org.apache.catalina.startup.HostConfig.deployDirectory Deployment of web application directory [D:\Eclipse Workspace\apache-tomcat-9.0.12\webapps\ROOT] has finished in [33] ms
23-Oct-2018 08:22:05.803 INFO [main] org.apache.coyote.AbstractProtocol.start Starting ProtocolHandler ["http-nio-8080"]
23-Oct-2018 08:22:05.812 INFO [main] org.apache.coyote.AbstractProtocol.start Starting ProtocolHandler ["ajp-nio-8009"]
23-Oct-2018 08:22:05.816 INFO [main] org.apache.catalina.startup.Catalina.start Server startup in 1767 ms
23-Oct-2018 08:26:46.215 INFO [http-nio-8080-exec-1] org.apache.catalina.core.StandardContext.reload Reloading Context with name [/Login] has started
23-Oct-2018 08:26:47.049 INFO [http-nio-8080-exec-1] org.apache.jasper.servlet.TldScanner.scanJars At least one JAR was scanned for TLDs yet contained no TLDs. Enable debug logging for this logger for a complete list of JARs that were scanned but no TLDs were found in them. Skipping unneeded JARs during scanning can improve startup time and JSP compilation time.
23-Oct-2018 08:26:47.053 INFO [http-nio-8080-exec-1] org.apache.catalina.core.StandardContext.reload Reloading Context with name [/Login] is completed
23-Oct-2018 08:29:57.989 INFO [http-nio-8080-exec-11] org.apache.catalina.core.StandardContext.reload Reloading Context with name [/Login] has started
23-Oct-2018 08:29:58.695 INFO [http-nio-8080-exec-11] org.apache.jasper.servlet.TldScanner.scanJars At least one JAR was scanned for TLDs yet contained no TLDs. Enable debug logging for this logger for a complete list of JARs that were scanned but no TLDs were found in them. Skipping unneeded JARs during scanning can improve startup time and JSP compilation time.
23-Oct-2018 08:29:58.698 INFO [http-nio-8080-exec-11] org.apache.catalina.core.StandardContext.reload Reloading Context with name [/Login] is completed
23-Oct-2018 08:30:18.512 INFO [main] org.apache.catalina.core.StandardServer.await A valid shutdown command was received via the shutdown port. Stopping the Server instance.
23-Oct-2018 08:30:18.513 INFO [main] org.apache.coyote.AbstractProtocol.pause Pausing ProtocolHandler ["http-nio-8080"]
23-Oct-2018 08:30:18.705 INFO [main] org.apache.coyote.AbstractProtocol.pause Pausing ProtocolHandler ["ajp-nio-8009"]
23-Oct-2018 08:30:18.939 INFO [main] org.apache.catalina.core.StandardService.stopInternal Stopping service [Catalina]
23-Oct-2018 08:30:19.047 INFO [main] org.apache.coyote.AbstractProtocol.stop Stopping ProtocolHandler ["http-nio-8080"]
23-Oct-2018 08:30:19.052 INFO [main] org.apache.coyote.AbstractProtocol.stop Stopping ProtocolHandler ["ajp-nio-8009"]
23-Oct-2018 08:30:19.055 INFO [main] org.apache.coyote.AbstractProtocol.destroy Destroying ProtocolHandler ["http-nio-8080"]
23-Oct-2018 08:30:19.057 INFO [main] org.apache.coyote.AbstractProtocol.destroy Destroying ProtocolHandler ["ajp-nio-8009"]
23-Oct-2018 10:36:00.092 INFO [main] org.apache.catalina.startup.VersionLoggerListener.log Server version:        Apache Tomcat/9.0.12
23-Oct-2018 10:36:00.096 INFO [main] org.apache.catalina.startup.VersionLoggerListener.log Server built:          Sep 4 2018 22:13:41 UTC
23-Oct-2018 10:36:00.096 INFO [main] org.apache.catalina.startup.VersionLoggerListener.log Server number:         9.0.12.0
23-Oct-2018 10:36:00.096 INFO [main] org.apache.catalina.startup.VersionLoggerListener.log OS Name:               Windows 10
23-Oct-2018 10:36:00.096 INFO [main] org.apache.catalina.startup.VersionLoggerListener.log OS Version:            10.0
23-Oct-2018 10:36:00.096 INFO [main] org.apache.catalina.startup.VersionLoggerListener.log Architecture:          amd64
23-Oct-2018 10:36:00.096 INFO [main] org.apache.catalina.startup.VersionLoggerListener.log Java Home:             C:\Program Files\Java\jdk1.8.0_162\jre
23-Oct-2018 10:36:00.105 INFO [main] org.apache.catalina.startup.VersionLoggerListener.log JVM Version:           1.8.0_162-b12
23-Oct-2018 10:36:00.105 INFO [main] org.apache.catalina.startup.VersionLoggerListener.log JVM Vendor:            Oracle Corporation
23-Oct-2018 10:36:00.105 INFO [main] org.apache.catalina.startup.VersionLoggerListener.log CATALINA_BASE:         D:\Eclipse Workspace\apache-tomcat-9.0.12
23-Oct-2018 10:36:00.106 INFO [main] org.apache.catalina.startup.VersionLoggerListener.log CATALINA_HOME:         D:\Eclipse Workspace\apache-tomcat-9.0.12
23-Oct-2018 10:36:00.106 INFO [main] org.apache.catalina.startup.VersionLoggerListener.log Command line argument: -Djava.util.logging.config.file=D:\Eclipse Workspace\apache-tomcat-9.0.12\conf\logging.properties
23-Oct-2018 10:36:00.106 INFO [main] org.apache.catalina.startup.VersionLoggerListener.log Command line argument: -Djava.util.logging.manager=org.apache.juli.ClassLoaderLogManager
23-Oct-2018 10:36:00.107 INFO [main] org.apache.catalina.startup.VersionLoggerListener.log Command line argument: -Djdk.tls.ephemeralDHKeySize=2048
23-Oct-2018 10:36:00.107 INFO [main] org.apache.catalina.startup.VersionLoggerListener.log Command line argument: -Djava.protocol.handler.pkgs=org.apache.catalina.webresources
23-Oct-2018 10:36:00.108 INFO [main] org.apache.catalina.startup.VersionLoggerListener.log Command line argument: -Dignore.endorsed.dirs=
23-Oct-2018 10:36:00.108 INFO [main] org.apache.catalina.startup.VersionLoggerListener.log Command line argument: -Dcatalina.base=D:\Eclipse Workspace\apache-tomcat-9.0.12
23-Oct-2018 10:36:00.108 INFO [main] org.apache.catalina.startup.VersionLoggerListener.log Command line argument: -Dcatalina.home=D:\Eclipse Workspace\apache-tomcat-9.0.12
23-Oct-2018 10:36:00.108 INFO [main] org.apache.catalina.startup.VersionLoggerListener.log Command line argument: -Djava.io.tmpdir=D:\Eclipse Workspace\apache-tomcat-9.0.12\temp
23-Oct-2018 10:36:00.109 INFO [main] org.apache.catalina.core.AprLifecycleListener.lifecycleEvent Loaded APR based Apache Tomcat Native library [1.2.17] using APR version [1.6.3].
23-Oct-2018 10:36:00.109 INFO [main] org.apache.catalina.core.AprLifecycleListener.lifecycleEvent APR capabilities: IPv6 [true], sendfile [true], accept filters [false], random [true].
23-Oct-2018 10:36:00.109 INFO [main] org.apache.catalina.core.AprLifecycleListener.lifecycleEvent APR/OpenSSL configuration: useAprConnector [false], useOpenSSL [true]
23-Oct-2018 10:36:01.217 INFO [main] org.apache.catalina.core.AprLifecycleListener.initializeSSL OpenSSL successfully initialized [OpenSSL 1.0.2o  27 Mar 2018]
23-Oct-2018 10:36:01.343 INFO [main] org.apache.coyote.AbstractProtocol.init Initializing ProtocolHandler ["http-nio-8080"]
23-Oct-2018 10:36:01.516 INFO [main] org.apache.tomcat.util.net.NioSelectorPool.getSharedSelector Using a shared selector for servlet write/read
23-Oct-2018 10:36:01.523 INFO [main] org.apache.coyote.AbstractProtocol.init Initializing ProtocolHandler ["ajp-nio-8009"]
23-Oct-2018 10:36:01.524 INFO [main] org.apache.tomcat.util.net.NioSelectorPool.getSharedSelector Using a shared selector for servlet write/read
23-Oct-2018 10:36:01.524 INFO [main] org.apache.catalina.startup.Catalina.load Initialization processed in 2066 ms
23-Oct-2018 10:36:01.559 INFO [main] org.apache.catalina.core.StandardService.startInternal Starting service [Catalina]
23-Oct-2018 10:36:01.559 INFO [main] org.apache.catalina.core.StandardEngine.startInternal Starting Servlet Engine: Apache Tomcat/9.0.12
23-Oct-2018 10:36:01.573 INFO [main] org.apache.catalina.startup.HostConfig.deployDescriptor Deploying deployment descriptor [D:\Eclipse Workspace\apache-tomcat-9.0.12\conf\Catalina\localhost\Login.xml]
23-Oct-2018 10:36:01.596 WARNING [main] org.apache.catalina.startup.HostConfig.deployDescriptor The path attribute with value [/Login] in deployment descriptor [D:\Eclipse Workspace\apache-tomcat-9.0.12\conf\Catalina\localhost\Login.xml] has been ignored
23-Oct-2018 10:36:02.669 INFO [main] org.apache.jasper.servlet.TldScanner.scanJars At least one JAR was scanned for TLDs yet contained no TLDs. Enable debug logging for this logger for a complete list of JARs that were scanned but no TLDs were found in them. Skipping unneeded JARs during scanning can improve startup time and JSP compilation time.
23-Oct-2018 10:36:02.733 INFO [main] org.apache.catalina.startup.HostConfig.deployDescriptor Deployment of deployment descriptor [D:\Eclipse Workspace\apache-tomcat-9.0.12\conf\Catalina\localhost\Login.xml] has finished in [1,159] ms
23-Oct-2018 10:36:02.735 INFO [main] org.apache.catalina.startup.HostConfig.deployDirectory Deploying web application directory [D:\Eclipse Workspace\apache-tomcat-9.0.12\webapps\docs]
23-Oct-2018 10:36:02.761 INFO [main] org.apache.catalina.startup.HostConfig.deployDirectory Deployment of web application directory [D:\Eclipse Workspace\apache-tomcat-9.0.12\webapps\docs] has finished in [26] ms
23-Oct-2018 10:36:02.761 INFO [main] org.apache.catalina.startup.HostConfig.deployDirectory Deploying web application directory [D:\Eclipse Workspace\apache-tomcat-9.0.12\webapps\examples]
23-Oct-2018 10:36:04.444 INFO [main] org.apache.catalina.startup.HostConfig.deployDirectory Deployment of web application directory [D:\Eclipse Workspace\apache-tomcat-9.0.12\webapps\examples] has finished in [1,683] ms
23-Oct-2018 10:36:04.445 INFO [main] org.apache.catalina.startup.HostConfig.deployDirectory Deploying web application directory [D:\Eclipse Workspace\apache-tomcat-9.0.12\webapps\host-manager]
23-Oct-2018 10:36:04.498 INFO [main] org.apache.catalina.startup.HostConfig.deployDirectory Deployment of web application directory [D:\Eclipse Workspace\apache-tomcat-9.0.12\webapps\host-manager] has finished in [53] ms
23-Oct-2018 10:36:04.498 INFO [main] org.apache.catalina.startup.HostConfig.deployDirectory Deploying web application directory [D:\Eclipse Workspace\apache-tomcat-9.0.12\webapps\manager]
23-Oct-2018 10:36:04.546 INFO [main] org.apache.catalina.startup.HostConfig.deployDirectory Deployment of web application directory [D:\Eclipse Workspace\apache-tomcat-9.0.12\webapps\manager] has finished in [48] ms
23-Oct-2018 10:36:04.546 INFO [main] org.apache.catalina.startup.HostConfig.deployDirectory Deploying web application directory [D:\Eclipse Workspace\apache-tomcat-9.0.12\webapps\ROOT]
23-Oct-2018 10:36:04.595 INFO [main] org.apache.catalina.startup.HostConfig.deployDirectory Deployment of web application directory [D:\Eclipse Workspace\apache-tomcat-9.0.12\webapps\ROOT] has finished in [49] ms
23-Oct-2018 10:36:04.605 INFO [main] org.apache.coyote.AbstractProtocol.start Starting ProtocolHandler ["http-nio-8080"]
23-Oct-2018 10:36:04.620 INFO [main] org.apache.coyote.AbstractProtocol.start Starting ProtocolHandler ["ajp-nio-8009"]
23-Oct-2018 10:36:04.624 INFO [main] org.apache.catalina.startup.Catalina.start Server startup in 3099 ms
23-Oct-2018 10:37:31.979 INFO [http-nio-8080-exec-4] org.apache.catalina.core.StandardContext.reload Reloading Context with name [/Login] has started
23-Oct-2018 10:37:32.688 INFO [http-nio-8080-exec-4] org.apache.jasper.servlet.TldScanner.scanJars At least one JAR was scanned for TLDs yet contained no TLDs. Enable debug logging for this logger for a complete list of JARs that were scanned but no TLDs were found in them. Skipping unneeded JARs during scanning can improve startup time and JSP compilation time.
23-Oct-2018 10:37:32.691 INFO [http-nio-8080-exec-4] org.apache.catalina.core.StandardContext.reload Reloading Context with name [/Login] is completed
23-Oct-2018 10:51:45.545 INFO [main] org.apache.catalina.core.StandardServer.await A valid shutdown command was received via the shutdown port. Stopping the Server instance.
23-Oct-2018 10:51:45.546 INFO [main] org.apache.coyote.AbstractProtocol.pause Pausing ProtocolHandler ["http-nio-8080"]
23-Oct-2018 10:51:45.733 INFO [main] org.apache.coyote.AbstractProtocol.pause Pausing ProtocolHandler ["ajp-nio-8009"]
23-Oct-2018 10:51:45.902 INFO [main] org.apache.catalina.core.StandardService.stopInternal Stopping service [Catalina]
23-Oct-2018 10:51:45.985 INFO [main] org.apache.coyote.AbstractProtocol.stop Stopping ProtocolHandler ["http-nio-8080"]
23-Oct-2018 10:51:45.987 INFO [main] org.apache.coyote.AbstractProtocol.stop Stopping ProtocolHandler ["ajp-nio-8009"]
23-Oct-2018 10:51:45.989 INFO [main] org.apache.coyote.AbstractProtocol.destroy Destroying ProtocolHandler ["http-nio-8080"]
23-Oct-2018 10:51:45.990 INFO [main] org.apache.coyote.AbstractProtocol.destroy Destroying ProtocolHandler ["ajp-nio-8009"]
23-Oct-2018 10:51:49.820 INFO [main] org.apache.catalina.startup.VersionLoggerListener.log Server version:        Apache Tomcat/9.0.12
23-Oct-2018 10:51:49.823 INFO [main] org.apache.catalina.startup.VersionLoggerListener.log Server built:          Sep 4 2018 22:13:41 UTC
23-Oct-2018 10:51:49.823 INFO [main] org.apache.catalina.startup.VersionLoggerListener.log Server number:         9.0.12.0
23-Oct-2018 10:51:49.823 INFO [main] org.apache.catalina.startup.VersionLoggerListener.log OS Name:               Windows 10
23-Oct-2018 10:51:49.823 INFO [main] org.apache.catalina.startup.VersionLoggerListener.log OS Version:            10.0
23-Oct-2018 10:51:49.823 INFO [main] org.apache.catalina.startup.VersionLoggerListener.log Architecture:          amd64
23-Oct-2018 10:51:49.823 INFO [main] org.apache.catalina.startup.VersionLoggerListener.log Java Home:             C:\Program Files\Java\jdk1.8.0_162\jre
23-Oct-2018 10:51:49.823 INFO [main] org.apache.catalina.startup.VersionLoggerListener.log JVM Version:           1.8.0_162-b12
23-Oct-2018 10:51:49.823 INFO [main] org.apache.catalina.startup.VersionLoggerListener.log JVM Vendor:            Oracle Corporation
23-Oct-2018 10:51:49.823 INFO [main] org.apache.catalina.startup.VersionLoggerListener.log CATALINA_BASE:         D:\Eclipse Workspace\apache-tomcat-9.0.12
23-Oct-2018 10:51:49.823 INFO [main] org.apache.catalina.startup.VersionLoggerListener.log CATALINA_HOME:         D:\Eclipse Workspace\apache-tomcat-9.0.12
23-Oct-2018 10:51:49.824 INFO [main] org.apache.catalina.startup.VersionLoggerListener.log Command line argument: -Djava.util.logging.config.file=D:\Eclipse Workspace\apache-tomcat-9.0.12\conf\logging.properties
23-Oct-2018 10:51:49.824 INFO [main] org.apache.catalina.startup.VersionLoggerListener.log Command line argument: -Djava.util.logging.manager=org.apache.juli.ClassLoaderLogManager
23-Oct-2018 10:51:49.824 INFO [main] org.apache.catalina.startup.VersionLoggerListener.log Command line argument: -Djdk.tls.ephemeralDHKeySize=2048
23-Oct-2018 10:51:49.824 INFO [main] org.apache.catalina.startup.VersionLoggerListener.log Command line argument: -Djava.protocol.handler.pkgs=org.apache.catalina.webresources
23-Oct-2018 10:51:49.824 INFO [main] org.apache.catalina.startup.VersionLoggerListener.log Command line argument: -Dignore.endorsed.dirs=
23-Oct-2018 10:51:49.824 INFO [main] org.apache.catalina.startup.VersionLoggerListener.log Command line argument: -Dcatalina.base=D:\Eclipse Workspace\apache-tomcat-9.0.12
23-Oct-2018 10:51:49.824 INFO [main] org.apache.catalina.startup.VersionLoggerListener.log Command line argument: -Dcatalina.home=D:\Eclipse Workspace\apache-tomcat-9.0.12
23-Oct-2018 10:51:49.824 INFO [main] org.apache.catalina.startup.VersionLoggerListener.log Command line argument: -Djava.io.tmpdir=D:\Eclipse Workspace\apache-tomcat-9.0.12\temp
23-Oct-2018 10:51:49.824 INFO [main] org.apache.catalina.core.AprLifecycleListener.lifecycleEvent Loaded APR based Apache Tomcat Native library [1.2.17] using APR version [1.6.3].
23-Oct-2018 10:51:49.824 INFO [main] org.apache.catalina.core.AprLifecycleListener.lifecycleEvent APR capabilities: IPv6 [true], sendfile [true], accept filters [false], random [true].
23-Oct-2018 10:51:49.824 INFO [main] org.apache.catalina.core.AprLifecycleListener.lifecycleEvent APR/OpenSSL configuration: useAprConnector [false], useOpenSSL [true]
23-Oct-2018 10:51:50.843 INFO [main] org.apache.catalina.core.AprLifecycleListener.initializeSSL OpenSSL successfully initialized [OpenSSL 1.0.2o  27 Mar 2018]
23-Oct-2018 10:51:51.023 INFO [main] org.apache.coyote.AbstractProtocol.init Initializing ProtocolHandler ["http-nio-8080"]
23-Oct-2018 10:51:51.224 INFO [main] org.apache.tomcat.util.net.NioSelectorPool.getSharedSelector Using a shared selector for servlet write/read
23-Oct-2018 10:51:51.231 INFO [main] org.apache.coyote.AbstractProtocol.init Initializing ProtocolHandler ["ajp-nio-8009"]
23-Oct-2018 10:51:51.232 INFO [main] org.apache.tomcat.util.net.NioSelectorPool.getSharedSelector Using a shared selector for servlet write/read
23-Oct-2018 10:51:51.233 INFO [main] org.apache.catalina.startup.Catalina.load Initialization processed in 1753 ms
23-Oct-2018 10:51:51.277 INFO [main] org.apache.catalina.core.StandardService.startInternal Starting service [Catalina]
23-Oct-2018 10:51:51.277 INFO [main] org.apache.catalina.core.StandardEngine.startInternal Starting Servlet Engine: Apache Tomcat/9.0.12
23-Oct-2018 10:51:51.286 INFO [main] org.apache.catalina.startup.HostConfig.deployDescriptor Deploying deployment descriptor [D:\Eclipse Workspace\apache-tomcat-9.0.12\conf\Catalina\localhost\Login.xml]
23-Oct-2018 10:51:51.315 WARNING [main] org.apache.catalina.startup.HostConfig.deployDescriptor The path attribute with value [/Login] in deployment descriptor [D:\Eclipse Workspace\apache-tomcat-9.0.12\conf\Catalina\localhost\Login.xml] has been ignored
23-Oct-2018 10:51:56.537 INFO [main] org.apache.jasper.servlet.TldScanner.scanJars At least one JAR was scanned for TLDs yet contained no TLDs. Enable debug logging for this logger for a complete list of JARs that were scanned but no TLDs were found in them. Skipping unneeded JARs during scanning can improve startup time and JSP compilation time.
23-Oct-2018 10:51:56.588 INFO [main] org.apache.catalina.startup.HostConfig.deployDescriptor Deployment of deployment descriptor [D:\Eclipse Workspace\apache-tomcat-9.0.12\conf\Catalina\localhost\Login.xml] has finished in [5,302] ms
23-Oct-2018 10:51:56.589 INFO [main] org.apache.catalina.startup.HostConfig.deployDirectory Deploying web application directory [D:\Eclipse Workspace\apache-tomcat-9.0.12\webapps\docs]
23-Oct-2018 10:51:56.609 INFO [main] org.apache.catalina.startup.HostConfig.deployDirectory Deployment of web application directory [D:\Eclipse Workspace\apache-tomcat-9.0.12\webapps\docs] has finished in [20] ms
23-Oct-2018 10:51:56.610 INFO [main] org.apache.catalina.startup.HostConfig.deployDirectory Deploying web application directory [D:\Eclipse Workspace\apache-tomcat-9.0.12\webapps\examples]
23-Oct-2018 10:51:57.559 INFO [main] org.apache.catalina.startup.HostConfig.deployDirectory Deployment of web application directory [D:\Eclipse Workspace\apache-tomcat-9.0.12\webapps\examples] has finished in [949] ms
23-Oct-2018 10:51:57.559 INFO [main] org.apache.catalina.startup.HostConfig.deployDirectory Deploying web application directory [D:\Eclipse Workspace\apache-tomcat-9.0.12\webapps\host-manager]
23-Oct-2018 10:51:57.598 INFO [main] org.apache.catalina.startup.HostConfig.deployDirectory Deployment of web application directory [D:\Eclipse Workspace\apache-tomcat-9.0.12\webapps\host-manager] has finished in [39] ms
23-Oct-2018 10:51:57.599 INFO [main] org.apache.catalina.startup.HostConfig.deployDirectory Deploying web application directory [D:\Eclipse Workspace\apache-tomcat-9.0.12\webapps\manager]
23-Oct-2018 10:51:57.627 INFO [main] org.apache.catalina.startup.HostConfig.deployDirectory Deployment of web application directory [D:\Eclipse Workspace\apache-tomcat-9.0.12\webapps\manager] has finished in [28] ms
23-Oct-2018 10:51:57.627 INFO [main] org.apache.catalina.startup.HostConfig.deployDirectory Deploying web application directory [D:\Eclipse Workspace\apache-tomcat-9.0.12\webapps\ROOT]
23-Oct-2018 10:51:57.662 INFO [main] org.apache.catalina.startup.HostConfig.deployDirectory Deployment of web application directory [D:\Eclipse Workspace\apache-tomcat-9.0.12\webapps\ROOT] has finished in [35] ms
23-Oct-2018 10:51:57.665 INFO [main] org.apache.coyote.AbstractProtocol.start Starting ProtocolHandler ["http-nio-8080"]
23-Oct-2018 10:51:57.675 INFO [main] org.apache.coyote.AbstractProtocol.start Starting ProtocolHandler ["ajp-nio-8009"]
23-Oct-2018 10:51:57.678 INFO [main] org.apache.catalina.startup.Catalina.start Server startup in 6446 ms
23-Oct-2018 10:58:27.367 INFO [http-nio-8080-exec-6] org.apache.catalina.core.StandardContext.reload Reloading Context with name [/Login] has started
23-Oct-2018 10:58:28.138 INFO [http-nio-8080-exec-6] org.apache.jasper.servlet.TldScanner.scanJars At least one JAR was scanned for TLDs yet contained no TLDs. Enable debug logging for this logger for a complete list of JARs that were scanned but no TLDs were found in them. Skipping unneeded JARs during scanning can improve startup time and JSP compilation time.
23-Oct-2018 10:58:28.144 INFO [http-nio-8080-exec-6] org.apache.catalina.core.StandardContext.reload Reloading Context with name [/Login] is completed
23-Oct-2018 10:59:20.901 INFO [http-nio-8080-exec-2] org.apache.catalina.core.StandardContext.reload Reloading Context with name [/Login] has started
23-Oct-2018 10:59:21.737 INFO [http-nio-8080-exec-2] org.apache.jasper.servlet.TldScanner.scanJars At least one JAR was scanned for TLDs yet contained no TLDs. Enable debug logging for this logger for a complete list of JARs that were scanned but no TLDs were found in them. Skipping unneeded JARs during scanning can improve startup time and JSP compilation time.
23-Oct-2018 10:59:21.741 INFO [http-nio-8080-exec-2] org.apache.catalina.core.StandardContext.reload Reloading Context with name [/Login] is completed
23-Oct-2018 10:59:23.498 INFO [http-nio-8080-exec-11] org.apache.catalina.core.StandardContext.reload Reloading Context with name [/Login] has started
23-Oct-2018 10:59:24.064 INFO [http-nio-8080-exec-11] org.apache.jasper.servlet.TldScanner.scanJars At least one JAR was scanned for TLDs yet contained no TLDs. Enable debug logging for this logger for a complete list of JARs that were scanned but no TLDs were found in them. Skipping unneeded JARs during scanning can improve startup time and JSP compilation time.
23-Oct-2018 10:59:24.069 INFO [http-nio-8080-exec-11] org.apache.catalina.core.StandardContext.reload Reloading Context with name [/Login] is completed
23-Oct-2018 11:02:57.617 INFO [http-nio-8080-exec-14] org.apache.catalina.core.StandardContext.reload Reloading Context with name [/Login] has started
23-Oct-2018 11:02:57.630 WARNING [http-nio-8080-exec-14] org.apache.catalina.loader.WebappClassLoaderBase.clearReferencesJdbc The web application [Login] registered the JDBC driver [com.microsoft.sqlserver.jdbc.SQLServerDriver] but failed to unregister it when the web application was stopped. To prevent a memory leak, the JDBC Driver has been forcibly unregistered.
23-Oct-2018 11:02:58.609 INFO [http-nio-8080-exec-14] org.apache.jasper.servlet.TldScanner.scanJars At least one JAR was scanned for TLDs yet contained no TLDs. Enable debug logging for this logger for a complete list of JARs that were scanned but no TLDs were found in them. Skipping unneeded JARs during scanning can improve startup time and JSP compilation time.
23-Oct-2018 11:02:58.621 INFO [http-nio-8080-exec-14] org.apache.catalina.core.StandardContext.reload Reloading Context with name [/Login] is completed
23-Oct-2018 11:02:58.664 INFO [http-nio-8080-exec-17] org.apache.catalina.core.StandardContext.reload Reloading Context with name [/Login] has started
23-Oct-2018 11:02:59.666 INFO [http-nio-8080-exec-17] org.apache.jasper.servlet.TldScanner.scanJars At least one JAR was scanned for TLDs yet contained no TLDs. Enable debug logging for this logger for a complete list of JARs that were scanned but no TLDs were found in them. Skipping unneeded JARs during scanning can improve startup time and JSP compilation time.
23-Oct-2018 11:02:59.670 INFO [http-nio-8080-exec-17] org.apache.catalina.core.StandardContext.reload Reloading Context with name [/Login] is completed
23-Oct-2018 11:03:25.514 INFO [http-nio-8080-exec-19] org.apache.catalina.core.StandardContext.reload Reloading Context with name [/Login] has started
23-Oct-2018 11:03:26.173 INFO [http-nio-8080-exec-19] org.apache.jasper.servlet.TldScanner.scanJars At least one JAR was scanned for TLDs yet contained no TLDs. Enable debug logging for this logger for a complete list of JARs that were scanned but no TLDs were found in them. Skipping unneeded JARs during scanning can improve startup time and JSP compilation time.
23-Oct-2018 11:03:26.177 INFO [http-nio-8080-exec-19] org.apache.catalina.core.StandardContext.reload Reloading Context with name [/Login] is completed
23-Oct-2018 11:03:40.837 INFO [http-nio-8080-exec-27] org.apache.catalina.core.StandardContext.reload Reloading Context with name [/Login] has started
23-Oct-2018 11:03:41.401 INFO [http-nio-8080-exec-27] org.apache.jasper.servlet.TldScanner.scanJars At least one JAR was scanned for TLDs yet contained no TLDs. Enable debug logging for this logger for a complete list of JARs that were scanned but no TLDs were found in them. Skipping unneeded JARs during scanning can improve startup time and JSP compilation time.
23-Oct-2018 11:03:41.405 INFO [http-nio-8080-exec-27] org.apache.catalina.core.StandardContext.reload Reloading Context with name [/Login] is completed
23-Oct-2018 11:04:03.023 INFO [http-nio-8080-exec-21] org.apache.catalina.core.StandardContext.reload Reloading Context with name [/Login] has started
23-Oct-2018 11:04:03.576 INFO [http-nio-8080-exec-21] org.apache.jasper.servlet.TldScanner.scanJars At least one JAR was scanned for TLDs yet contained no TLDs. Enable debug logging for this logger for a complete list of JARs that were scanned but no TLDs were found in them. Skipping unneeded JARs during scanning can improve startup time and JSP compilation time.
23-Oct-2018 11:04:03.579 INFO [http-nio-8080-exec-21] org.apache.catalina.core.StandardContext.reload Reloading Context with name [/Login] is completed
23-Oct-2018 11:04:07.814 INFO [http-nio-8080-exec-29] org.apache.catalina.core.StandardContext.reload Reloading Context with name [/Login] has started
23-Oct-2018 11:04:08.384 INFO [http-nio-8080-exec-29] org.apache.jasper.servlet.TldScanner.scanJars At least one JAR was scanned for TLDs yet contained no TLDs. Enable debug logging for this logger for a complete list of JARs that were scanned but no TLDs were found in them. Skipping unneeded JARs during scanning can improve startup time and JSP compilation time.
23-Oct-2018 11:04:08.388 INFO [http-nio-8080-exec-29] org.apache.catalina.core.StandardContext.reload Reloading Context with name [/Login] is completed
23-Oct-2018 11:04:17.303 INFO [http-nio-8080-exec-24] org.apache.catalina.core.StandardContext.reload Reloading Context with name [/Login] has started
23-Oct-2018 11:04:17.817 INFO [http-nio-8080-exec-24] org.apache.jasper.servlet.TldScanner.scanJars At least one JAR was scanned for TLDs yet contained no TLDs. Enable debug logging for this logger for a complete list of JARs that were scanned but no TLDs were found in them. Skipping unneeded JARs during scanning can improve startup time and JSP compilation time.
23-Oct-2018 11:04:17.821 INFO [http-nio-8080-exec-24] org.apache.catalina.core.StandardContext.reload Reloading Context with name [/Login] is completed
23-Oct-2018 11:08:55.655 INFO [http-nio-8080-exec-35] org.apache.catalina.core.StandardContext.reload Reloading Context with name [/Login] has started
23-Oct-2018 11:08:55.673 WARNING [http-nio-8080-exec-35] org.apache.catalina.loader.WebappClassLoaderBase.clearReferencesJdbc The web application [Login] registered the JDBC driver [com.microsoft.sqlserver.jdbc.SQLServerDriver] but failed to unregister it when the web application was stopped. To prevent a memory leak, the JDBC Driver has been forcibly unregistered.
23-Oct-2018 11:08:56.295 INFO [http-nio-8080-exec-35] org.apache.jasper.servlet.TldScanner.scanJars At least one JAR was scanned for TLDs yet contained no TLDs. Enable debug logging for this logger for a complete list of JARs that were scanned but no TLDs were found in them. Skipping unneeded JARs during scanning can improve startup time and JSP compilation time.
23-Oct-2018 11:08:56.300 INFO [http-nio-8080-exec-35] org.apache.catalina.core.StandardContext.reload Reloading Context with name [/Login] is completed
23-Oct-2018 11:16:24.625 INFO [main] org.apache.catalina.core.StandardServer.await A valid shutdown command was received via the shutdown port. Stopping the Server instance.
23-Oct-2018 11:16:24.625 INFO [main] org.apache.coyote.AbstractProtocol.pause Pausing ProtocolHandler ["http-nio-8080"]
23-Oct-2018 11:16:24.788 INFO [main] org.apache.coyote.AbstractProtocol.pause Pausing ProtocolHandler ["ajp-nio-8009"]
23-Oct-2018 11:16:24.953 INFO [main] org.apache.catalina.core.StandardService.stopInternal Stopping service [Catalina]
23-Oct-2018 11:16:25.017 WARNING [main] org.apache.catalina.loader.WebappClassLoaderBase.clearReferencesJdbc The web application [Login] registered the JDBC driver [com.microsoft.sqlserver.jdbc.SQLServerDriver] but failed to unregister it when the web application was stopped. To prevent a memory leak, the JDBC Driver has been forcibly unregistered.
23-Oct-2018 11:16:25.023 INFO [main] org.apache.coyote.AbstractProtocol.stop Stopping ProtocolHandler ["http-nio-8080"]
23-Oct-2018 11:16:25.025 INFO [main] org.apache.coyote.AbstractProtocol.stop Stopping ProtocolHandler ["ajp-nio-8009"]
23-Oct-2018 11:16:25.027 INFO [main] org.apache.coyote.AbstractProtocol.destroy Destroying ProtocolHandler ["http-nio-8080"]
23-Oct-2018 11:16:25.027 INFO [main] org.apache.coyote.AbstractProtocol.destroy Destroying ProtocolHandler ["ajp-nio-8009"]
