28-Oct-2018 19:49:14.094 INFO [main] org.apache.catalina.startup.VersionLoggerListener.log Server version:        Apache Tomcat/9.0.12
28-Oct-2018 19:49:14.094 INFO [main] org.apache.catalina.startup.VersionLoggerListener.log Server built:          Sep 4 2018 22:13:41 UTC
28-Oct-2018 19:49:14.094 INFO [main] org.apache.catalina.startup.VersionLoggerListener.log Server number:         9.0.12.0
28-Oct-2018 19:49:14.094 INFO [main] org.apache.catalina.startup.VersionLoggerListener.log OS Name:               Windows 10
28-Oct-2018 19:49:14.094 INFO [main] org.apache.catalina.startup.VersionLoggerListener.log OS Version:            10.0
28-Oct-2018 19:49:14.094 INFO [main] org.apache.catalina.startup.VersionLoggerListener.log Architecture:          amd64
28-Oct-2018 19:49:14.094 INFO [main] org.apache.catalina.startup.VersionLoggerListener.log Java Home:             C:\Program Files\Java\jdk1.8.0_191\jre
28-Oct-2018 19:49:14.109 INFO [main] org.apache.catalina.startup.VersionLoggerListener.log JVM Version:           1.8.0_191-b12
28-Oct-2018 19:49:14.109 INFO [main] org.apache.catalina.startup.VersionLoggerListener.log JVM Vendor:            Oracle Corporation
28-Oct-2018 19:49:14.109 INFO [main] org.apache.catalina.startup.VersionLoggerListener.log CATALINA_BASE:         D:\Eclipse Workspace\apache-tomcat-9.0.12
28-Oct-2018 19:49:14.109 INFO [main] org.apache.catalina.startup.VersionLoggerListener.log CATALINA_HOME:         D:\Eclipse Workspace\apache-tomcat-9.0.12
28-Oct-2018 19:49:14.109 INFO [main] org.apache.catalina.startup.VersionLoggerListener.log Command line argument: -Djava.util.logging.config.file=D:\Eclipse Workspace\apache-tomcat-9.0.12\conf\logging.properties
28-Oct-2018 19:49:14.109 INFO [main] org.apache.catalina.startup.VersionLoggerListener.log Command line argument: -Djava.util.logging.manager=org.apache.juli.ClassLoaderLogManager
28-Oct-2018 19:49:14.109 INFO [main] org.apache.catalina.startup.VersionLoggerListener.log Command line argument: -Djdk.tls.ephemeralDHKeySize=2048
28-Oct-2018 19:49:14.109 INFO [main] org.apache.catalina.startup.VersionLoggerListener.log Command line argument: -Djava.protocol.handler.pkgs=org.apache.catalina.webresources
28-Oct-2018 19:49:14.109 INFO [main] org.apache.catalina.startup.VersionLoggerListener.log Command line argument: -Dignore.endorsed.dirs=
28-Oct-2018 19:49:14.109 INFO [main] org.apache.catalina.startup.VersionLoggerListener.log Command line argument: -Dcatalina.base=D:\Eclipse Workspace\apache-tomcat-9.0.12
28-Oct-2018 19:49:14.109 INFO [main] org.apache.catalina.startup.VersionLoggerListener.log Command line argument: -Dcatalina.home=D:\Eclipse Workspace\apache-tomcat-9.0.12
28-Oct-2018 19:49:14.109 INFO [main] org.apache.catalina.startup.VersionLoggerListener.log Command line argument: -Djava.io.tmpdir=D:\Eclipse Workspace\apache-tomcat-9.0.12\temp
28-Oct-2018 19:49:14.109 INFO [main] org.apache.catalina.core.AprLifecycleListener.lifecycleEvent Loaded APR based Apache Tomcat Native library [1.2.17] using APR version [1.6.3].
28-Oct-2018 19:49:14.109 INFO [main] org.apache.catalina.core.AprLifecycleListener.lifecycleEvent APR capabilities: IPv6 [true], sendfile [true], accept filters [false], random [true].
28-Oct-2018 19:49:14.109 INFO [main] org.apache.catalina.core.AprLifecycleListener.lifecycleEvent APR/OpenSSL configuration: useAprConnector [false], useOpenSSL [true]
28-Oct-2018 19:49:15.199 INFO [main] org.apache.catalina.core.AprLifecycleListener.initializeSSL OpenSSL successfully initialized [OpenSSL 1.0.2o  27 Mar 2018]
28-Oct-2018 19:49:15.900 INFO [main] org.apache.coyote.AbstractProtocol.init Initializing ProtocolHandler ["http-nio-8080"]
28-Oct-2018 19:49:16.179 INFO [main] org.apache.tomcat.util.net.NioSelectorPool.getSharedSelector Using a shared selector for servlet write/read
28-Oct-2018 19:49:16.179 INFO [main] org.apache.coyote.AbstractProtocol.init Initializing ProtocolHandler ["ajp-nio-8009"]
28-Oct-2018 19:49:16.179 INFO [main] org.apache.tomcat.util.net.NioSelectorPool.getSharedSelector Using a shared selector for servlet write/read
28-Oct-2018 19:49:16.179 INFO [main] org.apache.catalina.startup.Catalina.load Initialization processed in 2921 ms
28-Oct-2018 19:49:16.395 INFO [main] org.apache.catalina.core.StandardService.startInternal Starting service [Catalina]
28-Oct-2018 19:49:16.395 INFO [main] org.apache.catalina.core.StandardEngine.startInternal Starting Servlet Engine: Apache Tomcat/9.0.12
28-Oct-2018 19:49:16.417 INFO [main] org.apache.catalina.startup.HostConfig.deployDescriptor Deploying deployment descriptor [D:\Eclipse Workspace\apache-tomcat-9.0.12\conf\Catalina\localhost\Login.xml]
28-Oct-2018 19:49:16.517 WARNING [main] org.apache.catalina.startup.HostConfig.deployDescriptor The path attribute with value [/Login] in deployment descriptor [D:\Eclipse Workspace\apache-tomcat-9.0.12\conf\Catalina\localhost\Login.xml] has been ignored
28-Oct-2018 19:49:24.587 INFO [main] org.apache.jasper.servlet.TldScanner.scanJars At least one JAR was scanned for TLDs yet contained no TLDs. Enable debug logging for this logger for a complete list of JARs that were scanned but no TLDs were found in them. Skipping unneeded JARs during scanning can improve startup time and JSP compilation time.
28-Oct-2018 19:49:24.687 INFO [main] org.apache.catalina.startup.HostConfig.deployDescriptor Deployment of deployment descriptor [D:\Eclipse Workspace\apache-tomcat-9.0.12\conf\Catalina\localhost\Login.xml] has finished in [8,270] ms
28-Oct-2018 19:49:24.687 INFO [main] org.apache.catalina.startup.HostConfig.deployDirectory Deploying web application directory [D:\Eclipse Workspace\apache-tomcat-9.0.12\webapps\docs]
28-Oct-2018 19:49:24.756 INFO [main] org.apache.catalina.startup.HostConfig.deployDirectory Deployment of web application directory [D:\Eclipse Workspace\apache-tomcat-9.0.12\webapps\docs] has finished in [69] ms
28-Oct-2018 19:49:24.756 INFO [main] org.apache.catalina.startup.HostConfig.deployDirectory Deploying web application directory [D:\Eclipse Workspace\apache-tomcat-9.0.12\webapps\examples]
28-Oct-2018 19:49:26.240 INFO [main] org.apache.catalina.startup.HostConfig.deployDirectory Deployment of web application directory [D:\Eclipse Workspace\apache-tomcat-9.0.12\webapps\examples] has finished in [1,484] ms
28-Oct-2018 19:49:26.240 INFO [main] org.apache.catalina.startup.HostConfig.deployDirectory Deploying web application directory [D:\Eclipse Workspace\apache-tomcat-9.0.12\webapps\host-manager]
28-Oct-2018 19:49:26.327 INFO [main] org.apache.catalina.startup.HostConfig.deployDirectory Deployment of web application directory [D:\Eclipse Workspace\apache-tomcat-9.0.12\webapps\host-manager] has finished in [87] ms
28-Oct-2018 19:49:26.327 INFO [main] org.apache.catalina.startup.HostConfig.deployDirectory Deploying web application directory [D:\Eclipse Workspace\apache-tomcat-9.0.12\webapps\manager]
28-Oct-2018 19:49:26.390 INFO [main] org.apache.catalina.startup.HostConfig.deployDirectory Deployment of web application directory [D:\Eclipse Workspace\apache-tomcat-9.0.12\webapps\manager] has finished in [63] ms
28-Oct-2018 19:49:26.390 INFO [main] org.apache.catalina.startup.HostConfig.deployDirectory Deploying web application directory [D:\Eclipse Workspace\apache-tomcat-9.0.12\webapps\ROOT]
28-Oct-2018 19:49:26.474 INFO [main] org.apache.catalina.startup.HostConfig.deployDirectory Deployment of web application directory [D:\Eclipse Workspace\apache-tomcat-9.0.12\webapps\ROOT] has finished in [84] ms
28-Oct-2018 19:49:26.474 INFO [main] org.apache.coyote.AbstractProtocol.start Starting ProtocolHandler ["http-nio-8080"]
28-Oct-2018 19:49:26.490 INFO [main] org.apache.coyote.AbstractProtocol.start Starting ProtocolHandler ["ajp-nio-8009"]
28-Oct-2018 19:49:26.505 INFO [main] org.apache.catalina.startup.Catalina.start Server startup in 10313 ms
28-Oct-2018 19:49:30.115 INFO [http-nio-8080-exec-4] org.apache.catalina.startup.HostConfig.deployDescriptor Deploying deployment descriptor [D:\Eclipse Workspace\apache-tomcat-9.0.12\conf\Catalina\localhost\OnlineFoodShop.xml]
28-Oct-2018 19:49:30.115 WARNING [http-nio-8080-exec-4] org.apache.catalina.startup.HostConfig.deployDescriptor The path attribute with value [/OnlineFoodShop] in deployment descriptor [D:\Eclipse Workspace\apache-tomcat-9.0.12\conf\Catalina\localhost\OnlineFoodShop.xml] has been ignored
28-Oct-2018 19:49:30.169 INFO [http-nio-8080-exec-4] org.apache.catalina.startup.HostConfig.deployDescriptor Deployment of deployment descriptor [D:\Eclipse Workspace\apache-tomcat-9.0.12\conf\Catalina\localhost\OnlineFoodShop.xml] has finished in [54] ms
28-Oct-2018 19:49:30.169 INFO [http-nio-8080-exec-2] org.apache.catalina.util.LifecycleBase.start The start() method was called on component [StandardEngine[Catalina].StandardHost[localhost].StandardContext[/OnlineFoodShop]] after start() had already been called. The second call will be ignored.
28-Oct-2018 20:16:28.704 INFO [http-nio-8080-exec-10] org.apache.catalina.core.StandardContext.reload Reloading Context with name [/OnlineFoodShop] has started
28-Oct-2018 20:16:28.766 INFO [http-nio-8080-exec-10] org.apache.catalina.core.StandardContext.reload Reloading Context with name [/OnlineFoodShop] is completed
28-Oct-2018 20:16:29.240 INFO [http-nio-8080-exec-11] org.apache.catalina.core.StandardContext.reload Reloading Context with name [/OnlineFoodShop] has started
28-Oct-2018 20:16:29.280 INFO [http-nio-8080-exec-11] org.apache.catalina.core.StandardContext.reload Reloading Context with name [/OnlineFoodShop] is completed
28-Oct-2018 20:16:38.003 INFO [ContainerBackgroundProcessor[StandardEngine[Catalina]]] org.apache.catalina.startup.HostConfig.reload Reloading context [/OnlineFoodShop]
28-Oct-2018 20:16:38.004 INFO [ContainerBackgroundProcessor[StandardEngine[Catalina]]] org.apache.catalina.core.StandardContext.reload Reloading Context with name [/OnlineFoodShop] has started
28-Oct-2018 20:16:38.133 INFO [ContainerBackgroundProcessor[StandardEngine[Catalina]]] org.apache.catalina.core.StandardContext.reload Reloading Context with name [/OnlineFoodShop] is completed
28-Oct-2018 20:17:59.355 INFO [http-nio-8080-exec-4] org.apache.catalina.core.StandardContext.reload Reloading Context with name [/OnlineFoodShop] has started
28-Oct-2018 20:17:59.590 INFO [http-nio-8080-exec-4] org.apache.catalina.core.StandardContext.reload Reloading Context with name [/OnlineFoodShop] is completed
28-Oct-2018 20:19:00.934 INFO [http-nio-8080-exec-8] org.apache.catalina.core.StandardContext.reload Reloading Context with name [/OnlineFoodShop] has started
28-Oct-2018 20:19:00.980 INFO [http-nio-8080-exec-8] org.apache.catalina.core.StandardContext.reload Reloading Context with name [/OnlineFoodShop] is completed
28-Oct-2018 20:19:01.591 INFO [http-nio-8080-exec-13] org.apache.catalina.core.StandardContext.reload Reloading Context with name [/OnlineFoodShop] has started
28-Oct-2018 20:19:01.637 INFO [http-nio-8080-exec-13] org.apache.catalina.core.StandardContext.reload Reloading Context with name [/OnlineFoodShop] is completed
28-Oct-2018 20:19:02.460 INFO [http-nio-8080-exec-8] org.apache.catalina.core.StandardContext.reload Reloading Context with name [/OnlineFoodShop] has started
28-Oct-2018 20:19:02.505 INFO [http-nio-8080-exec-8] org.apache.catalina.core.StandardContext.reload Reloading Context with name [/OnlineFoodShop] is completed
28-Oct-2018 20:22:53.881 INFO [http-nio-8080-exec-14] org.apache.catalina.core.StandardContext.reload Reloading Context with name [/OnlineFoodShop] has started
28-Oct-2018 20:22:53.939 INFO [http-nio-8080-exec-14] org.apache.catalina.core.StandardContext.reload Reloading Context with name [/OnlineFoodShop] is completed
28-Oct-2018 20:28:33.532 INFO [http-nio-8080-exec-25] org.apache.catalina.core.StandardContext.reload Reloading Context with name [/OnlineFoodShop] has started
28-Oct-2018 20:28:33.579 INFO [http-nio-8080-exec-25] org.apache.catalina.core.StandardContext.reload Reloading Context with name [/OnlineFoodShop] is completed
28-Oct-2018 20:29:57.203 INFO [http-nio-8080-exec-14] org.apache.catalina.core.StandardContext.reload Reloading Context with name [/OnlineFoodShop] has started
28-Oct-2018 20:29:57.333 INFO [http-nio-8080-exec-14] org.apache.catalina.core.StandardContext.reload Reloading Context with name [/OnlineFoodShop] is completed
28-Oct-2018 20:30:08.037 INFO [http-nio-8080-exec-25] org.apache.catalina.core.StandardContext.reload Reloading Context with name [/OnlineFoodShop] has started
28-Oct-2018 20:30:08.121 INFO [http-nio-8080-exec-25] org.apache.catalina.core.StandardContext.reload Reloading Context with name [/OnlineFoodShop] is completed
28-Oct-2018 20:31:14.516 INFO [http-nio-8080-exec-14] org.apache.catalina.core.StandardContext.reload Reloading Context with name [/OnlineFoodShop] has started
28-Oct-2018 20:31:14.620 INFO [http-nio-8080-exec-14] org.apache.catalina.core.StandardContext.reload Reloading Context with name [/OnlineFoodShop] is completed
28-Oct-2018 20:34:37.651 INFO [http-nio-8080-exec-4] org.apache.catalina.core.StandardContext.reload Reloading Context with name [/OnlineFoodShop] has started
28-Oct-2018 20:34:37.682 INFO [http-nio-8080-exec-4] org.apache.catalina.core.StandardContext.reload Reloading Context with name [/OnlineFoodShop] is completed
28-Oct-2018 20:34:40.781 INFO [http-nio-8080-exec-24] org.apache.catalina.core.StandardContext.reload Reloading Context with name [/OnlineFoodShop] has started
28-Oct-2018 20:34:40.796 INFO [http-nio-8080-exec-24] org.apache.catalina.core.StandardContext.reload Reloading Context with name [/OnlineFoodShop] is completed
28-Oct-2018 20:36:03.103 INFO [http-nio-8080-exec-36] org.apache.catalina.core.StandardContext.reload Reloading Context with name [/OnlineFoodShop] has started
28-Oct-2018 20:36:03.135 INFO [http-nio-8080-exec-36] org.apache.catalina.core.StandardContext.reload Reloading Context with name [/OnlineFoodShop] is completed
28-Oct-2018 20:36:43.532 INFO [http-nio-8080-exec-29] org.apache.catalina.core.StandardContext.reload Reloading Context with name [/OnlineFoodShop] has started
28-Oct-2018 20:36:43.649 INFO [http-nio-8080-exec-29] org.apache.catalina.core.StandardContext.reload Reloading Context with name [/OnlineFoodShop] is completed
28-Oct-2018 20:37:03.489 INFO [http-nio-8080-exec-40] org.apache.catalina.core.StandardContext.reload Reloading Context with name [/OnlineFoodShop] has started
28-Oct-2018 20:37:03.510 INFO [http-nio-8080-exec-40] org.apache.catalina.core.StandardContext.reload Reloading Context with name [/OnlineFoodShop] is completed
28-Oct-2018 20:37:13.746 INFO [http-nio-8080-exec-41] org.apache.catalina.startup.HostConfig.undeploy Undeploying context [/OnlineFoodShop]
28-Oct-2018 20:37:13.765 INFO [http-nio-8080-exec-29] org.apache.catalina.startup.HostConfig.deployDescriptor Deploying deployment descriptor [D:\Eclipse Workspace\apache-tomcat-9.0.12\conf\Catalina\localhost\OnlineFoodShop.xml]
28-Oct-2018 20:37:13.766 WARNING [http-nio-8080-exec-29] org.apache.catalina.startup.HostConfig.deployDescriptor The path attribute with value [/OnlineFoodShop] in deployment descriptor [D:\Eclipse Workspace\apache-tomcat-9.0.12\conf\Catalina\localhost\OnlineFoodShop.xml] has been ignored
28-Oct-2018 20:37:13.830 INFO [http-nio-8080-exec-29] org.apache.catalina.startup.HostConfig.deployDescriptor Deployment of deployment descriptor [D:\Eclipse Workspace\apache-tomcat-9.0.12\conf\Catalina\localhost\OnlineFoodShop.xml] has finished in [64] ms
28-Oct-2018 20:37:13.834 INFO [http-nio-8080-exec-42] org.apache.catalina.util.LifecycleBase.start The start() method was called on component [StandardEngine[Catalina].StandardHost[localhost].StandardContext[/OnlineFoodShop]] after start() had already been called. The second call will be ignored.
28-Oct-2018 20:41:12.555 INFO [http-nio-8080-exec-45] org.apache.catalina.core.StandardContext.reload Reloading Context with name [/Login] has started
28-Oct-2018 20:41:18.269 INFO [http-nio-8080-exec-45] org.apache.jasper.servlet.TldScanner.scanJars At least one JAR was scanned for TLDs yet contained no TLDs. Enable debug logging for this logger for a complete list of JARs that were scanned but no TLDs were found in them. Skipping unneeded JARs during scanning can improve startup time and JSP compilation time.
28-Oct-2018 20:41:18.271 INFO [http-nio-8080-exec-45] org.apache.catalina.core.StandardContext.reload Reloading Context with name [/Login] is completed
28-Oct-2018 20:41:18.275 INFO [http-nio-8080-exec-50] org.apache.catalina.core.StandardContext.reload Reloading Context with name [/OnlineFoodShop] has started
28-Oct-2018 20:41:18.340 INFO [http-nio-8080-exec-50] org.apache.catalina.core.StandardContext.reload Reloading Context with name [/OnlineFoodShop] is completed
28-Oct-2018 20:41:31.318 INFO [main] org.apache.catalina.core.StandardServer.await A valid shutdown command was received via the shutdown port. Stopping the Server instance.
28-Oct-2018 20:41:31.318 INFO [main] org.apache.coyote.AbstractProtocol.pause Pausing ProtocolHandler ["http-nio-8080"]
28-Oct-2018 20:41:31.440 INFO [main] org.apache.coyote.AbstractProtocol.pause Pausing ProtocolHandler ["ajp-nio-8009"]
28-Oct-2018 20:41:31.603 INFO [main] org.apache.catalina.core.StandardService.stopInternal Stopping service [Catalina]
28-Oct-2018 20:41:31.625 INFO [main] org.apache.coyote.AbstractProtocol.stop Stopping ProtocolHandler ["http-nio-8080"]
28-Oct-2018 20:41:31.688 INFO [main] org.apache.coyote.AbstractProtocol.stop Stopping ProtocolHandler ["ajp-nio-8009"]
28-Oct-2018 20:41:31.688 INFO [main] org.apache.coyote.AbstractProtocol.destroy Destroying ProtocolHandler ["http-nio-8080"]
28-Oct-2018 20:41:31.688 INFO [main] org.apache.coyote.AbstractProtocol.destroy Destroying ProtocolHandler ["ajp-nio-8009"]
28-Oct-2018 20:42:34.477 INFO [main] org.apache.catalina.startup.VersionLoggerListener.log Server version:        Apache Tomcat/9.0.12
28-Oct-2018 20:42:34.480 INFO [main] org.apache.catalina.startup.VersionLoggerListener.log Server built:          Sep 4 2018 22:13:41 UTC
28-Oct-2018 20:42:34.481 INFO [main] org.apache.catalina.startup.VersionLoggerListener.log Server number:         9.0.12.0
28-Oct-2018 20:42:34.481 INFO [main] org.apache.catalina.startup.VersionLoggerListener.log OS Name:               Windows 10
28-Oct-2018 20:42:34.481 INFO [main] org.apache.catalina.startup.VersionLoggerListener.log OS Version:            10.0
28-Oct-2018 20:42:34.481 INFO [main] org.apache.catalina.startup.VersionLoggerListener.log Architecture:          amd64
28-Oct-2018 20:42:34.481 INFO [main] org.apache.catalina.startup.VersionLoggerListener.log Java Home:             C:\Program Files\Java\jdk1.8.0_191\jre
28-Oct-2018 20:42:34.481 INFO [main] org.apache.catalina.startup.VersionLoggerListener.log JVM Version:           1.8.0_191-b12
28-Oct-2018 20:42:34.482 INFO [main] org.apache.catalina.startup.VersionLoggerListener.log JVM Vendor:            Oracle Corporation
28-Oct-2018 20:42:34.482 INFO [main] org.apache.catalina.startup.VersionLoggerListener.log CATALINA_BASE:         D:\Eclipse Workspace\apache-tomcat-9.0.12
28-Oct-2018 20:42:34.482 INFO [main] org.apache.catalina.startup.VersionLoggerListener.log CATALINA_HOME:         D:\Eclipse Workspace\apache-tomcat-9.0.12
28-Oct-2018 20:42:34.482 INFO [main] org.apache.catalina.startup.VersionLoggerListener.log Command line argument: -Djava.util.logging.config.file=D:\Eclipse Workspace\apache-tomcat-9.0.12\conf\logging.properties
28-Oct-2018 20:42:34.482 INFO [main] org.apache.catalina.startup.VersionLoggerListener.log Command line argument: -Djava.util.logging.manager=org.apache.juli.ClassLoaderLogManager
28-Oct-2018 20:42:34.483 INFO [main] org.apache.catalina.startup.VersionLoggerListener.log Command line argument: -Djdk.tls.ephemeralDHKeySize=2048
28-Oct-2018 20:42:34.483 INFO [main] org.apache.catalina.startup.VersionLoggerListener.log Command line argument: -Djava.protocol.handler.pkgs=org.apache.catalina.webresources
28-Oct-2018 20:42:34.483 INFO [main] org.apache.catalina.startup.VersionLoggerListener.log Command line argument: -Dignore.endorsed.dirs=
28-Oct-2018 20:42:34.483 INFO [main] org.apache.catalina.startup.VersionLoggerListener.log Command line argument: -Dcatalina.base=D:\Eclipse Workspace\apache-tomcat-9.0.12
28-Oct-2018 20:42:34.483 INFO [main] org.apache.catalina.startup.VersionLoggerListener.log Command line argument: -Dcatalina.home=D:\Eclipse Workspace\apache-tomcat-9.0.12
28-Oct-2018 20:42:34.483 INFO [main] org.apache.catalina.startup.VersionLoggerListener.log Command line argument: -Djava.io.tmpdir=D:\Eclipse Workspace\apache-tomcat-9.0.12\temp
28-Oct-2018 20:42:34.484 INFO [main] org.apache.catalina.core.AprLifecycleListener.lifecycleEvent Loaded APR based Apache Tomcat Native library [1.2.17] using APR version [1.6.3].
28-Oct-2018 20:42:34.484 INFO [main] org.apache.catalina.core.AprLifecycleListener.lifecycleEvent APR capabilities: IPv6 [true], sendfile [true], accept filters [false], random [true].
28-Oct-2018 20:42:34.484 INFO [main] org.apache.catalina.core.AprLifecycleListener.lifecycleEvent APR/OpenSSL configuration: useAprConnector [false], useOpenSSL [true]
28-Oct-2018 20:42:35.583 INFO [main] org.apache.catalina.core.AprLifecycleListener.initializeSSL OpenSSL successfully initialized [OpenSSL 1.0.2o  27 Mar 2018]
28-Oct-2018 20:42:35.754 INFO [main] org.apache.coyote.AbstractProtocol.init Initializing ProtocolHandler ["http-nio-8080"]
28-Oct-2018 20:42:36.098 INFO [main] org.apache.tomcat.util.net.NioSelectorPool.getSharedSelector Using a shared selector for servlet write/read
28-Oct-2018 20:42:36.119 INFO [main] org.apache.coyote.AbstractProtocol.init Initializing ProtocolHandler ["ajp-nio-8009"]
28-Oct-2018 20:42:36.121 INFO [main] org.apache.tomcat.util.net.NioSelectorPool.getSharedSelector Using a shared selector for servlet write/read
28-Oct-2018 20:42:36.122 INFO [main] org.apache.catalina.startup.Catalina.load Initialization processed in 2136 ms
28-Oct-2018 20:42:36.165 INFO [main] org.apache.catalina.core.StandardService.startInternal Starting service [Catalina]
28-Oct-2018 20:42:36.165 INFO [main] org.apache.catalina.core.StandardEngine.startInternal Starting Servlet Engine: Apache Tomcat/9.0.12
28-Oct-2018 20:42:36.189 INFO [main] org.apache.catalina.startup.HostConfig.deployDescriptor Deploying deployment descriptor [D:\Eclipse Workspace\apache-tomcat-9.0.12\conf\Catalina\localhost\Login.xml]
28-Oct-2018 20:42:36.214 WARNING [main] org.apache.catalina.startup.HostConfig.deployDescriptor The path attribute with value [/Login] in deployment descriptor [D:\Eclipse Workspace\apache-tomcat-9.0.12\conf\Catalina\localhost\Login.xml] has been ignored
28-Oct-2018 20:42:37.413 INFO [main] org.apache.jasper.servlet.TldScanner.scanJars At least one JAR was scanned for TLDs yet contained no TLDs. Enable debug logging for this logger for a complete list of JARs that were scanned but no TLDs were found in them. Skipping unneeded JARs during scanning can improve startup time and JSP compilation time.
28-Oct-2018 20:42:37.498 INFO [main] org.apache.catalina.startup.HostConfig.deployDescriptor Deployment of deployment descriptor [D:\Eclipse Workspace\apache-tomcat-9.0.12\conf\Catalina\localhost\Login.xml] has finished in [1,309] ms
28-Oct-2018 20:42:37.514 INFO [main] org.apache.catalina.startup.HostConfig.deployDescriptor Deploying deployment descriptor [D:\Eclipse Workspace\apache-tomcat-9.0.12\conf\Catalina\localhost\OnlineFoodShop.xml]
28-Oct-2018 20:42:37.514 WARNING [main] org.apache.catalina.startup.HostConfig.deployDescriptor The path attribute with value [/OnlineFoodShop] in deployment descriptor [D:\Eclipse Workspace\apache-tomcat-9.0.12\conf\Catalina\localhost\OnlineFoodShop.xml] has been ignored
28-Oct-2018 20:42:37.614 INFO [main] org.apache.catalina.startup.HostConfig.deployDescriptor Deployment of deployment descriptor [D:\Eclipse Workspace\apache-tomcat-9.0.12\conf\Catalina\localhost\OnlineFoodShop.xml] has finished in [100] ms
28-Oct-2018 20:42:37.614 INFO [main] org.apache.catalina.startup.HostConfig.deployDirectory Deploying web application directory [D:\Eclipse Workspace\apache-tomcat-9.0.12\webapps\docs]
28-Oct-2018 20:42:37.661 INFO [main] org.apache.catalina.startup.HostConfig.deployDirectory Deployment of web application directory [D:\Eclipse Workspace\apache-tomcat-9.0.12\webapps\docs] has finished in [47] ms
28-Oct-2018 20:42:37.661 INFO [main] org.apache.catalina.startup.HostConfig.deployDirectory Deploying web application directory [D:\Eclipse Workspace\apache-tomcat-9.0.12\webapps\examples]
28-Oct-2018 20:42:38.832 INFO [main] org.apache.catalina.startup.HostConfig.deployDirectory Deployment of web application directory [D:\Eclipse Workspace\apache-tomcat-9.0.12\webapps\examples] has finished in [1,171] ms
28-Oct-2018 20:42:38.832 INFO [main] org.apache.catalina.startup.HostConfig.deployDirectory Deploying web application directory [D:\Eclipse Workspace\apache-tomcat-9.0.12\webapps\host-manager]
28-Oct-2018 20:42:38.885 INFO [main] org.apache.catalina.startup.HostConfig.deployDirectory Deployment of web application directory [D:\Eclipse Workspace\apache-tomcat-9.0.12\webapps\host-manager] has finished in [53] ms
28-Oct-2018 20:42:38.901 INFO [main] org.apache.catalina.startup.HostConfig.deployDirectory Deploying web application directory [D:\Eclipse Workspace\apache-tomcat-9.0.12\webapps\manager]
28-Oct-2018 20:42:38.946 INFO [main] org.apache.catalina.startup.HostConfig.deployDirectory Deployment of web application directory [D:\Eclipse Workspace\apache-tomcat-9.0.12\webapps\manager] has finished in [45] ms
28-Oct-2018 20:42:38.946 INFO [main] org.apache.catalina.startup.HostConfig.deployDirectory Deploying web application directory [D:\Eclipse Workspace\apache-tomcat-9.0.12\webapps\ROOT]
28-Oct-2018 20:42:38.985 INFO [main] org.apache.catalina.startup.HostConfig.deployDirectory Deployment of web application directory [D:\Eclipse Workspace\apache-tomcat-9.0.12\webapps\ROOT] has finished in [39] ms
28-Oct-2018 20:42:38.985 INFO [main] org.apache.coyote.AbstractProtocol.start Starting ProtocolHandler ["http-nio-8080"]
28-Oct-2018 20:42:39.001 INFO [main] org.apache.coyote.AbstractProtocol.start Starting ProtocolHandler ["ajp-nio-8009"]
28-Oct-2018 20:42:39.001 INFO [main] org.apache.catalina.startup.Catalina.start Server startup in 2892 ms
28-Oct-2018 20:44:52.168 INFO [http-nio-8080-exec-5] org.apache.catalina.core.StandardContext.reload Reloading Context with name [/OnlineFoodShop] has started
28-Oct-2018 20:44:52.220 INFO [http-nio-8080-exec-5] org.apache.catalina.core.StandardContext.reload Reloading Context with name [/OnlineFoodShop] is completed
28-Oct-2018 20:45:16.084 INFO [http-nio-8080-exec-10] org.apache.catalina.core.StandardContext.reload Reloading Context with name [/OnlineFoodShop] has started
28-Oct-2018 20:45:16.225 INFO [http-nio-8080-exec-10] org.apache.catalina.core.StandardContext.reload Reloading Context with name [/OnlineFoodShop] is completed
28-Oct-2018 20:45:53.159 INFO [http-nio-8080-exec-2] org.apache.catalina.core.StandardContext.reload Reloading Context with name [/OnlineFoodShop] has started
28-Oct-2018 20:45:53.209 INFO [http-nio-8080-exec-2] org.apache.catalina.core.StandardContext.reload Reloading Context with name [/OnlineFoodShop] is completed
28-Oct-2018 20:48:09.073 INFO [http-nio-8080-exec-13] org.apache.catalina.core.StandardContext.reload Reloading Context with name [/OnlineFoodShop] has started
28-Oct-2018 20:48:09.145 INFO [http-nio-8080-exec-13] org.apache.catalina.core.StandardContext.reload Reloading Context with name [/OnlineFoodShop] is completed
28-Oct-2018 20:49:02.560 INFO [http-nio-8080-exec-7] org.apache.catalina.core.StandardContext.reload Reloading Context with name [/OnlineFoodShop] has started
28-Oct-2018 20:49:02.603 INFO [http-nio-8080-exec-7] org.apache.catalina.core.StandardContext.reload Reloading Context with name [/OnlineFoodShop] is completed
28-Oct-2018 20:49:09.146 INFO [http-nio-8080-exec-7] org.apache.catalina.core.StandardContext.reload Reloading Context with name [/OnlineFoodShop] has started
28-Oct-2018 20:49:09.186 INFO [http-nio-8080-exec-7] org.apache.catalina.core.StandardContext.reload Reloading Context with name [/OnlineFoodShop] is completed
28-Oct-2018 20:49:42.337 INFO [http-nio-8080-exec-30] org.apache.catalina.core.StandardContext.reload Reloading Context with name [/OnlineFoodShop] has started
28-Oct-2018 20:49:42.384 INFO [http-nio-8080-exec-30] org.apache.catalina.core.StandardContext.reload Reloading Context with name [/OnlineFoodShop] is completed
28-Oct-2018 20:49:57.938 INFO [http-nio-8080-exec-30] org.apache.catalina.core.StandardContext.reload Reloading Context with name [/OnlineFoodShop] has started
28-Oct-2018 20:49:57.985 INFO [http-nio-8080-exec-30] org.apache.catalina.core.StandardContext.reload Reloading Context with name [/OnlineFoodShop] is completed
28-Oct-2018 20:50:17.708 INFO [main] org.apache.catalina.core.StandardServer.await A valid shutdown command was received via the shutdown port. Stopping the Server instance.
28-Oct-2018 20:50:17.708 INFO [main] org.apache.coyote.AbstractProtocol.pause Pausing ProtocolHandler ["http-nio-8080"]
28-Oct-2018 20:50:17.893 INFO [main] org.apache.coyote.AbstractProtocol.pause Pausing ProtocolHandler ["ajp-nio-8009"]
28-Oct-2018 20:50:18.056 INFO [main] org.apache.catalina.core.StandardService.stopInternal Stopping service [Catalina]
28-Oct-2018 20:50:18.078 INFO [main] org.apache.coyote.AbstractProtocol.stop Stopping ProtocolHandler ["http-nio-8080"]
28-Oct-2018 20:50:18.078 INFO [main] org.apache.coyote.AbstractProtocol.stop Stopping ProtocolHandler ["ajp-nio-8009"]
28-Oct-2018 20:50:18.078 INFO [main] org.apache.coyote.AbstractProtocol.destroy Destroying ProtocolHandler ["http-nio-8080"]
28-Oct-2018 20:50:18.078 INFO [main] org.apache.coyote.AbstractProtocol.destroy Destroying ProtocolHandler ["ajp-nio-8009"]
28-Oct-2018 20:50:24.662 INFO [main] org.apache.catalina.startup.VersionLoggerListener.log Server version:        Apache Tomcat/9.0.12
28-Oct-2018 20:50:24.662 INFO [main] org.apache.catalina.startup.VersionLoggerListener.log Server built:          Sep 4 2018 22:13:41 UTC
28-Oct-2018 20:50:24.662 INFO [main] org.apache.catalina.startup.VersionLoggerListener.log Server number:         9.0.12.0
28-Oct-2018 20:50:24.662 INFO [main] org.apache.catalina.startup.VersionLoggerListener.log OS Name:               Windows 10
28-Oct-2018 20:50:24.662 INFO [main] org.apache.catalina.startup.VersionLoggerListener.log OS Version:            10.0
28-Oct-2018 20:50:24.662 INFO [main] org.apache.catalina.startup.VersionLoggerListener.log Architecture:          amd64
28-Oct-2018 20:50:24.662 INFO [main] org.apache.catalina.startup.VersionLoggerListener.log Java Home:             C:\Program Files\Java\jdk1.8.0_191\jre
28-Oct-2018 20:50:24.662 INFO [main] org.apache.catalina.startup.VersionLoggerListener.log JVM Version:           1.8.0_191-b12
28-Oct-2018 20:50:24.662 INFO [main] org.apache.catalina.startup.VersionLoggerListener.log JVM Vendor:            Oracle Corporation
28-Oct-2018 20:50:24.662 INFO [main] org.apache.catalina.startup.VersionLoggerListener.log CATALINA_BASE:         D:\Eclipse Workspace\apache-tomcat-9.0.12
28-Oct-2018 20:50:24.662 INFO [main] org.apache.catalina.startup.VersionLoggerListener.log CATALINA_HOME:         D:\Eclipse Workspace\apache-tomcat-9.0.12
28-Oct-2018 20:50:24.662 INFO [main] org.apache.catalina.startup.VersionLoggerListener.log Command line argument: -Djava.util.logging.config.file=D:\Eclipse Workspace\apache-tomcat-9.0.12\conf\logging.properties
28-Oct-2018 20:50:24.662 INFO [main] org.apache.catalina.startup.VersionLoggerListener.log Command line argument: -Djava.util.logging.manager=org.apache.juli.ClassLoaderLogManager
28-Oct-2018 20:50:24.662 INFO [main] org.apache.catalina.startup.VersionLoggerListener.log Command line argument: -Djdk.tls.ephemeralDHKeySize=2048
28-Oct-2018 20:50:24.662 INFO [main] org.apache.catalina.startup.VersionLoggerListener.log Command line argument: -Djava.protocol.handler.pkgs=org.apache.catalina.webresources
28-Oct-2018 20:50:24.662 INFO [main] org.apache.catalina.startup.VersionLoggerListener.log Command line argument: -agentlib:jdwp=transport=dt_shmem,address=tomcat_shared_memory_id,server=y,suspend=n
28-Oct-2018 20:50:24.662 INFO [main] org.apache.catalina.startup.VersionLoggerListener.log Command line argument: -Dignore.endorsed.dirs=
28-Oct-2018 20:50:24.662 INFO [main] org.apache.catalina.startup.VersionLoggerListener.log Command line argument: -Dcatalina.base=D:\Eclipse Workspace\apache-tomcat-9.0.12
28-Oct-2018 20:50:24.662 INFO [main] org.apache.catalina.startup.VersionLoggerListener.log Command line argument: -Dcatalina.home=D:\Eclipse Workspace\apache-tomcat-9.0.12
28-Oct-2018 20:50:24.662 INFO [main] org.apache.catalina.startup.VersionLoggerListener.log Command line argument: -Djava.io.tmpdir=D:\Eclipse Workspace\apache-tomcat-9.0.12\temp
28-Oct-2018 20:50:24.662 INFO [main] org.apache.catalina.core.AprLifecycleListener.lifecycleEvent Loaded APR based Apache Tomcat Native library [1.2.17] using APR version [1.6.3].
28-Oct-2018 20:50:24.662 INFO [main] org.apache.catalina.core.AprLifecycleListener.lifecycleEvent APR capabilities: IPv6 [true], sendfile [true], accept filters [false], random [true].
28-Oct-2018 20:50:24.662 INFO [main] org.apache.catalina.core.AprLifecycleListener.lifecycleEvent APR/OpenSSL configuration: useAprConnector [false], useOpenSSL [true]
28-Oct-2018 20:50:25.768 INFO [main] org.apache.catalina.core.AprLifecycleListener.initializeSSL OpenSSL successfully initialized [OpenSSL 1.0.2o  27 Mar 2018]
28-Oct-2018 20:50:25.924 INFO [main] org.apache.coyote.AbstractProtocol.init Initializing ProtocolHandler ["http-nio-8080"]
28-Oct-2018 20:50:26.125 INFO [main] org.apache.tomcat.util.net.NioSelectorPool.getSharedSelector Using a shared selector for servlet write/read
28-Oct-2018 20:50:26.125 INFO [main] org.apache.coyote.AbstractProtocol.init Initializing ProtocolHandler ["ajp-nio-8009"]
28-Oct-2018 20:50:26.125 INFO [main] org.apache.tomcat.util.net.NioSelectorPool.getSharedSelector Using a shared selector for servlet write/read
28-Oct-2018 20:50:26.125 INFO [main] org.apache.catalina.startup.Catalina.load Initialization processed in 1984 ms
28-Oct-2018 20:50:26.189 INFO [main] org.apache.catalina.core.StandardService.startInternal Starting service [Catalina]
28-Oct-2018 20:50:26.189 INFO [main] org.apache.catalina.core.StandardEngine.startInternal Starting Servlet Engine: Apache Tomcat/9.0.12
28-Oct-2018 20:50:26.213 INFO [main] org.apache.catalina.startup.HostConfig.deployDescriptor Deploying deployment descriptor [D:\Eclipse Workspace\apache-tomcat-9.0.12\conf\Catalina\localhost\Login.xml]
28-Oct-2018 20:50:26.237 WARNING [main] org.apache.catalina.startup.HostConfig.deployDescriptor The path attribute with value [/Login] in deployment descriptor [D:\Eclipse Workspace\apache-tomcat-9.0.12\conf\Catalina\localhost\Login.xml] has been ignored
28-Oct-2018 20:50:27.513 INFO [main] org.apache.jasper.servlet.TldScanner.scanJars At least one JAR was scanned for TLDs yet contained no TLDs. Enable debug logging for this logger for a complete list of JARs that were scanned but no TLDs were found in them. Skipping unneeded JARs during scanning can improve startup time and JSP compilation time.
28-Oct-2018 20:50:27.574 INFO [main] org.apache.catalina.startup.HostConfig.deployDescriptor Deployment of deployment descriptor [D:\Eclipse Workspace\apache-tomcat-9.0.12\conf\Catalina\localhost\Login.xml] has finished in [1,362] ms
28-Oct-2018 20:50:27.574 INFO [main] org.apache.catalina.startup.HostConfig.deployDescriptor Deploying deployment descriptor [D:\Eclipse Workspace\apache-tomcat-9.0.12\conf\Catalina\localhost\OnlineFoodShop.xml]
28-Oct-2018 20:50:27.574 WARNING [main] org.apache.catalina.startup.HostConfig.deployDescriptor The path attribute with value [/OnlineFoodShop] in deployment descriptor [D:\Eclipse Workspace\apache-tomcat-9.0.12\conf\Catalina\localhost\OnlineFoodShop.xml] has been ignored
28-Oct-2018 20:50:27.653 INFO [main] org.apache.catalina.startup.HostConfig.deployDescriptor Deployment of deployment descriptor [D:\Eclipse Workspace\apache-tomcat-9.0.12\conf\Catalina\localhost\OnlineFoodShop.xml] has finished in [79] ms
28-Oct-2018 20:50:27.653 INFO [main] org.apache.catalina.startup.HostConfig.deployDirectory Deploying web application directory [D:\Eclipse Workspace\apache-tomcat-9.0.12\webapps\docs]
28-Oct-2018 20:50:27.675 INFO [main] org.apache.catalina.startup.HostConfig.deployDirectory Deployment of web application directory [D:\Eclipse Workspace\apache-tomcat-9.0.12\webapps\docs] has finished in [22] ms
28-Oct-2018 20:50:27.675 INFO [main] org.apache.catalina.startup.HostConfig.deployDirectory Deploying web application directory [D:\Eclipse Workspace\apache-tomcat-9.0.12\webapps\examples]
28-Oct-2018 20:50:28.050 INFO [main] org.apache.catalina.startup.HostConfig.deployDirectory Deployment of web application directory [D:\Eclipse Workspace\apache-tomcat-9.0.12\webapps\examples] has finished in [375] ms
28-Oct-2018 20:50:28.050 INFO [main] org.apache.catalina.startup.HostConfig.deployDirectory Deploying web application directory [D:\Eclipse Workspace\apache-tomcat-9.0.12\webapps\host-manager]
28-Oct-2018 20:50:28.088 INFO [main] org.apache.catalina.startup.HostConfig.deployDirectory Deployment of web application directory [D:\Eclipse Workspace\apache-tomcat-9.0.12\webapps\host-manager] has finished in [38] ms
28-Oct-2018 20:50:28.088 INFO [main] org.apache.catalina.startup.HostConfig.deployDirectory Deploying web application directory [D:\Eclipse Workspace\apache-tomcat-9.0.12\webapps\manager]
28-Oct-2018 20:50:28.141 INFO [main] org.apache.catalina.startup.HostConfig.deployDirectory Deployment of web application directory [D:\Eclipse Workspace\apache-tomcat-9.0.12\webapps\manager] has finished in [53] ms
28-Oct-2018 20:50:28.142 INFO [main] org.apache.catalina.startup.HostConfig.deployDirectory Deploying web application directory [D:\Eclipse Workspace\apache-tomcat-9.0.12\webapps\ROOT]
28-Oct-2018 20:50:28.171 INFO [main] org.apache.catalina.startup.HostConfig.deployDirectory Deployment of web application directory [D:\Eclipse Workspace\apache-tomcat-9.0.12\webapps\ROOT] has finished in [29] ms
28-Oct-2018 20:50:28.174 INFO [main] org.apache.coyote.AbstractProtocol.start Starting ProtocolHandler ["http-nio-8080"]
28-Oct-2018 20:50:28.187 INFO [main] org.apache.coyote.AbstractProtocol.start Starting ProtocolHandler ["ajp-nio-8009"]
28-Oct-2018 20:50:28.190 INFO [main] org.apache.catalina.startup.Catalina.start Server startup in 2052 ms
28-Oct-2018 20:50:31.483 INFO [http-nio-8080-exec-10] org.apache.catalina.startup.HostConfig.undeploy Undeploying context [/OnlineFoodShop]
28-Oct-2018 20:50:31.530 INFO [http-nio-8080-exec-9] org.apache.catalina.startup.HostConfig.deployDescriptor Deploying deployment descriptor [D:\Eclipse Workspace\apache-tomcat-9.0.12\conf\Catalina\localhost\OnlineFoodShop.xml]
28-Oct-2018 20:50:31.530 WARNING [http-nio-8080-exec-9] org.apache.catalina.startup.HostConfig.deployDescriptor The path attribute with value [/OnlineFoodShop] in deployment descriptor [D:\Eclipse Workspace\apache-tomcat-9.0.12\conf\Catalina\localhost\OnlineFoodShop.xml] has been ignored
28-Oct-2018 20:50:31.568 INFO [http-nio-8080-exec-9] org.apache.catalina.startup.HostConfig.deployDescriptor Deployment of deployment descriptor [D:\Eclipse Workspace\apache-tomcat-9.0.12\conf\Catalina\localhost\OnlineFoodShop.xml] has finished in [38] ms
28-Oct-2018 20:50:31.568 INFO [http-nio-8080-exec-6] org.apache.catalina.util.LifecycleBase.start The start() method was called on component [StandardEngine[Catalina].StandardHost[localhost].StandardContext[/OnlineFoodShop]] after start() had already been called. The second call will be ignored.
28-Oct-2018 20:50:53.574 INFO [http-nio-8080-exec-15] org.apache.catalina.core.StandardContext.reload Reloading Context with name [/OnlineFoodShop] has started
28-Oct-2018 20:50:53.627 INFO [http-nio-8080-exec-15] org.apache.catalina.core.StandardContext.reload Reloading Context with name [/OnlineFoodShop] is completed
28-Oct-2018 20:52:39.767 INFO [http-nio-8080-exec-15] org.apache.catalina.core.StandardContext.reload Reloading Context with name [/Login] has started
28-Oct-2018 20:52:40.498 INFO [http-nio-8080-exec-15] org.apache.jasper.servlet.TldScanner.scanJars At least one JAR was scanned for TLDs yet contained no TLDs. Enable debug logging for this logger for a complete list of JARs that were scanned but no TLDs were found in them. Skipping unneeded JARs during scanning can improve startup time and JSP compilation time.
28-Oct-2018 20:52:40.500 INFO [http-nio-8080-exec-15] org.apache.catalina.core.StandardContext.reload Reloading Context with name [/Login] is completed
28-Oct-2018 20:54:36.584 INFO [http-nio-8080-exec-22] org.apache.catalina.core.StandardContext.reload Reloading Context with name [/Login] has started
28-Oct-2018 20:54:36.595 WARNING [http-nio-8080-exec-22] org.apache.catalina.loader.WebappClassLoaderBase.clearReferencesJdbc The web application [Login] registered the JDBC driver [com.microsoft.sqlserver.jdbc.SQLServerDriver] but failed to unregister it when the web application was stopped. To prevent a memory leak, the JDBC Driver has been forcibly unregistered.
28-Oct-2018 20:54:37.448 INFO [http-nio-8080-exec-22] org.apache.jasper.servlet.TldScanner.scanJars At least one JAR was scanned for TLDs yet contained no TLDs. Enable debug logging for this logger for a complete list of JARs that were scanned but no TLDs were found in them. Skipping unneeded JARs during scanning can improve startup time and JSP compilation time.
28-Oct-2018 20:54:37.452 INFO [http-nio-8080-exec-22] org.apache.catalina.core.StandardContext.reload Reloading Context with name [/Login] is completed
28-Oct-2018 20:54:50.845 INFO [http-nio-8080-exec-25] org.apache.catalina.core.StandardContext.reload Reloading Context with name [/Login] has started
28-Oct-2018 20:54:51.794 INFO [http-nio-8080-exec-25] org.apache.jasper.servlet.TldScanner.scanJars At least one JAR was scanned for TLDs yet contained no TLDs. Enable debug logging for this logger for a complete list of JARs that were scanned but no TLDs were found in them. Skipping unneeded JARs during scanning can improve startup time and JSP compilation time.
28-Oct-2018 20:54:51.799 INFO [http-nio-8080-exec-25] org.apache.catalina.core.StandardContext.reload Reloading Context with name [/Login] is completed
28-Oct-2018 20:55:04.626 INFO [http-nio-8080-exec-25] org.apache.catalina.core.StandardContext.reload Reloading Context with name [/Login] has started
28-Oct-2018 20:55:05.390 INFO [http-nio-8080-exec-25] org.apache.jasper.servlet.TldScanner.scanJars At least one JAR was scanned for TLDs yet contained no TLDs. Enable debug logging for this logger for a complete list of JARs that were scanned but no TLDs were found in them. Skipping unneeded JARs during scanning can improve startup time and JSP compilation time.
28-Oct-2018 20:55:05.395 INFO [http-nio-8080-exec-25] org.apache.catalina.core.StandardContext.reload Reloading Context with name [/Login] is completed
28-Oct-2018 20:59:19.518 INFO [http-nio-8080-exec-38] org.apache.catalina.core.StandardContext.reload Reloading Context with name [/OnlineFoodShop] has started
28-Oct-2018 20:59:19.556 INFO [http-nio-8080-exec-38] org.apache.catalina.core.StandardContext.reload Reloading Context with name [/OnlineFoodShop] is completed
28-Oct-2018 20:59:52.190 INFO [main] org.apache.catalina.core.StandardServer.await A valid shutdown command was received via the shutdown port. Stopping the Server instance.
28-Oct-2018 20:59:52.191 INFO [main] org.apache.coyote.AbstractProtocol.pause Pausing ProtocolHandler ["http-nio-8080"]
28-Oct-2018 20:59:52.384 INFO [main] org.apache.coyote.AbstractProtocol.pause Pausing ProtocolHandler ["ajp-nio-8009"]
28-Oct-2018 20:59:52.538 INFO [main] org.apache.catalina.core.StandardService.stopInternal Stopping service [Catalina]
28-Oct-2018 20:59:52.569 WARNING [main] org.apache.catalina.loader.WebappClassLoaderBase.clearReferencesJdbc The web application [Login] registered the JDBC driver [com.microsoft.sqlserver.jdbc.SQLServerDriver] but failed to unregister it when the web application was stopped. To prevent a memory leak, the JDBC Driver has been forcibly unregistered.
28-Oct-2018 20:59:52.569 INFO [main] org.apache.coyote.AbstractProtocol.stop Stopping ProtocolHandler ["http-nio-8080"]
28-Oct-2018 20:59:52.569 INFO [main] org.apache.coyote.AbstractProtocol.stop Stopping ProtocolHandler ["ajp-nio-8009"]
28-Oct-2018 20:59:52.584 INFO [main] org.apache.coyote.AbstractProtocol.destroy Destroying ProtocolHandler ["http-nio-8080"]
28-Oct-2018 20:59:52.584 INFO [main] org.apache.coyote.AbstractProtocol.destroy Destroying ProtocolHandler ["ajp-nio-8009"]
28-Oct-2018 21:00:37.255 INFO [main] org.apache.catalina.startup.VersionLoggerListener.log Server version:        Apache Tomcat/9.0.12
28-Oct-2018 21:00:37.255 INFO [main] org.apache.catalina.startup.VersionLoggerListener.log Server built:          Sep 4 2018 22:13:41 UTC
28-Oct-2018 21:00:37.255 INFO [main] org.apache.catalina.startup.VersionLoggerListener.log Server number:         9.0.12.0
28-Oct-2018 21:00:37.255 INFO [main] org.apache.catalina.startup.VersionLoggerListener.log OS Name:               Windows 10
28-Oct-2018 21:00:37.255 INFO [main] org.apache.catalina.startup.VersionLoggerListener.log OS Version:            10.0
28-Oct-2018 21:00:37.255 INFO [main] org.apache.catalina.startup.VersionLoggerListener.log Architecture:          amd64
28-Oct-2018 21:00:37.273 INFO [main] org.apache.catalina.startup.VersionLoggerListener.log Java Home:             C:\Program Files\Java\jdk1.8.0_191\jre
28-Oct-2018 21:00:37.274 INFO [main] org.apache.catalina.startup.VersionLoggerListener.log JVM Version:           1.8.0_191-b12
28-Oct-2018 21:00:37.274 INFO [main] org.apache.catalina.startup.VersionLoggerListener.log JVM Vendor:            Oracle Corporation
28-Oct-2018 21:00:37.274 INFO [main] org.apache.catalina.startup.VersionLoggerListener.log CATALINA_BASE:         D:\Eclipse Workspace\apache-tomcat-9.0.12
28-Oct-2018 21:00:37.274 INFO [main] org.apache.catalina.startup.VersionLoggerListener.log CATALINA_HOME:         D:\Eclipse Workspace\apache-tomcat-9.0.12
28-Oct-2018 21:00:37.274 INFO [main] org.apache.catalina.startup.VersionLoggerListener.log Command line argument: -Djava.util.logging.config.file=D:\Eclipse Workspace\apache-tomcat-9.0.12\conf\logging.properties
28-Oct-2018 21:00:37.274 INFO [main] org.apache.catalina.startup.VersionLoggerListener.log Command line argument: -Djava.util.logging.manager=org.apache.juli.ClassLoaderLogManager
28-Oct-2018 21:00:37.275 INFO [main] org.apache.catalina.startup.VersionLoggerListener.log Command line argument: -Djdk.tls.ephemeralDHKeySize=2048
28-Oct-2018 21:00:37.275 INFO [main] org.apache.catalina.startup.VersionLoggerListener.log Command line argument: -Djava.protocol.handler.pkgs=org.apache.catalina.webresources
28-Oct-2018 21:00:37.275 INFO [main] org.apache.catalina.startup.VersionLoggerListener.log Command line argument: -Dignore.endorsed.dirs=
28-Oct-2018 21:00:37.275 INFO [main] org.apache.catalina.startup.VersionLoggerListener.log Command line argument: -Dcatalina.base=D:\Eclipse Workspace\apache-tomcat-9.0.12
28-Oct-2018 21:00:37.275 INFO [main] org.apache.catalina.startup.VersionLoggerListener.log Command line argument: -Dcatalina.home=D:\Eclipse Workspace\apache-tomcat-9.0.12
28-Oct-2018 21:00:37.275 INFO [main] org.apache.catalina.startup.VersionLoggerListener.log Command line argument: -Djava.io.tmpdir=D:\Eclipse Workspace\apache-tomcat-9.0.12\temp
28-Oct-2018 21:00:37.275 INFO [main] org.apache.catalina.core.AprLifecycleListener.lifecycleEvent Loaded APR based Apache Tomcat Native library [1.2.17] using APR version [1.6.3].
28-Oct-2018 21:00:37.276 INFO [main] org.apache.catalina.core.AprLifecycleListener.lifecycleEvent APR capabilities: IPv6 [true], sendfile [true], accept filters [false], random [true].
28-Oct-2018 21:00:37.276 INFO [main] org.apache.catalina.core.AprLifecycleListener.lifecycleEvent APR/OpenSSL configuration: useAprConnector [false], useOpenSSL [true]
28-Oct-2018 21:00:38.359 INFO [main] org.apache.catalina.core.AprLifecycleListener.initializeSSL OpenSSL successfully initialized [OpenSSL 1.0.2o  27 Mar 2018]
28-Oct-2018 21:00:38.518 INFO [main] org.apache.coyote.AbstractProtocol.init Initializing ProtocolHandler ["http-nio-8080"]
28-Oct-2018 21:00:38.732 INFO [main] org.apache.tomcat.util.net.NioSelectorPool.getSharedSelector Using a shared selector for servlet write/read
28-Oct-2018 21:00:38.742 INFO [main] org.apache.coyote.AbstractProtocol.init Initializing ProtocolHandler ["ajp-nio-8009"]
28-Oct-2018 21:00:38.742 INFO [main] org.apache.tomcat.util.net.NioSelectorPool.getSharedSelector Using a shared selector for servlet write/read
28-Oct-2018 21:00:38.742 INFO [main] org.apache.catalina.startup.Catalina.load Initialization processed in 1976 ms
28-Oct-2018 21:00:38.812 INFO [main] org.apache.catalina.core.StandardService.startInternal Starting service [Catalina]
28-Oct-2018 21:00:38.812 INFO [main] org.apache.catalina.core.StandardEngine.startInternal Starting Servlet Engine: Apache Tomcat/9.0.12
28-Oct-2018 21:00:38.822 INFO [main] org.apache.catalina.startup.HostConfig.deployDescriptor Deploying deployment descriptor [D:\Eclipse Workspace\apache-tomcat-9.0.12\conf\Catalina\localhost\Login.xml]
28-Oct-2018 21:00:38.861 WARNING [main] org.apache.catalina.startup.HostConfig.deployDescriptor The path attribute with value [/Login] in deployment descriptor [D:\Eclipse Workspace\apache-tomcat-9.0.12\conf\Catalina\localhost\Login.xml] has been ignored
28-Oct-2018 21:00:40.582 INFO [main] org.apache.jasper.servlet.TldScanner.scanJars At least one JAR was scanned for TLDs yet contained no TLDs. Enable debug logging for this logger for a complete list of JARs that were scanned but no TLDs were found in them. Skipping unneeded JARs during scanning can improve startup time and JSP compilation time.
28-Oct-2018 21:00:40.643 INFO [main] org.apache.catalina.startup.HostConfig.deployDescriptor Deployment of deployment descriptor [D:\Eclipse Workspace\apache-tomcat-9.0.12\conf\Catalina\localhost\Login.xml] has finished in [1,821] ms
28-Oct-2018 21:00:40.643 INFO [main] org.apache.catalina.startup.HostConfig.deployDescriptor Deploying deployment descriptor [D:\Eclipse Workspace\apache-tomcat-9.0.12\conf\Catalina\localhost\OnlineFoodShop.xml]
28-Oct-2018 21:00:40.643 WARNING [main] org.apache.catalina.startup.HostConfig.deployDescriptor The path attribute with value [/OnlineFoodShop] in deployment descriptor [D:\Eclipse Workspace\apache-tomcat-9.0.12\conf\Catalina\localhost\OnlineFoodShop.xml] has been ignored
28-Oct-2018 21:00:40.703 INFO [main] org.apache.catalina.startup.HostConfig.deployDescriptor Deployment of deployment descriptor [D:\Eclipse Workspace\apache-tomcat-9.0.12\conf\Catalina\localhost\OnlineFoodShop.xml] has finished in [60] ms
28-Oct-2018 21:00:40.711 INFO [main] org.apache.catalina.startup.HostConfig.deployDirectory Deploying web application directory [D:\Eclipse Workspace\apache-tomcat-9.0.12\webapps\docs]
28-Oct-2018 21:00:40.733 INFO [main] org.apache.catalina.startup.HostConfig.deployDirectory Deployment of web application directory [D:\Eclipse Workspace\apache-tomcat-9.0.12\webapps\docs] has finished in [22] ms
28-Oct-2018 21:00:40.733 INFO [main] org.apache.catalina.startup.HostConfig.deployDirectory Deploying web application directory [D:\Eclipse Workspace\apache-tomcat-9.0.12\webapps\examples]
28-Oct-2018 21:00:41.086 INFO [main] org.apache.catalina.startup.HostConfig.deployDirectory Deployment of web application directory [D:\Eclipse Workspace\apache-tomcat-9.0.12\webapps\examples] has finished in [353] ms
28-Oct-2018 21:00:41.086 INFO [main] org.apache.catalina.startup.HostConfig.deployDirectory Deploying web application directory [D:\Eclipse Workspace\apache-tomcat-9.0.12\webapps\host-manager]
28-Oct-2018 21:00:41.127 INFO [main] org.apache.catalina.startup.HostConfig.deployDirectory Deployment of web application directory [D:\Eclipse Workspace\apache-tomcat-9.0.12\webapps\host-manager] has finished in [41] ms
28-Oct-2018 21:00:41.127 INFO [main] org.apache.catalina.startup.HostConfig.deployDirectory Deploying web application directory [D:\Eclipse Workspace\apache-tomcat-9.0.12\webapps\manager]
28-Oct-2018 21:00:41.188 INFO [main] org.apache.catalina.startup.HostConfig.deployDirectory Deployment of web application directory [D:\Eclipse Workspace\apache-tomcat-9.0.12\webapps\manager] has finished in [61] ms
28-Oct-2018 21:00:41.188 INFO [main] org.apache.catalina.startup.HostConfig.deployDirectory Deploying web application directory [D:\Eclipse Workspace\apache-tomcat-9.0.12\webapps\ROOT]
28-Oct-2018 21:00:41.218 INFO [main] org.apache.catalina.startup.HostConfig.deployDirectory Deployment of web application directory [D:\Eclipse Workspace\apache-tomcat-9.0.12\webapps\ROOT] has finished in [30] ms
28-Oct-2018 21:00:41.218 INFO [main] org.apache.coyote.AbstractProtocol.start Starting ProtocolHandler ["http-nio-8080"]
28-Oct-2018 21:00:41.238 INFO [main] org.apache.coyote.AbstractProtocol.start Starting ProtocolHandler ["ajp-nio-8009"]
28-Oct-2018 21:00:41.242 INFO [main] org.apache.catalina.startup.Catalina.start Server startup in 2493 ms
28-Oct-2018 21:10:04.679 INFO [main] org.apache.catalina.core.StandardServer.await A valid shutdown command was received via the shutdown port. Stopping the Server instance.
28-Oct-2018 21:10:04.679 INFO [main] org.apache.coyote.AbstractProtocol.pause Pausing ProtocolHandler ["http-nio-8080"]
28-Oct-2018 21:10:04.880 INFO [main] org.apache.coyote.AbstractProtocol.pause Pausing ProtocolHandler ["ajp-nio-8009"]
28-Oct-2018 21:10:05.034 INFO [main] org.apache.catalina.core.StandardService.stopInternal Stopping service [Catalina]
28-Oct-2018 21:10:05.118 INFO [main] org.apache.coyote.AbstractProtocol.stop Stopping ProtocolHandler ["http-nio-8080"]
28-Oct-2018 21:10:05.118 INFO [main] org.apache.coyote.AbstractProtocol.stop Stopping ProtocolHandler ["ajp-nio-8009"]
28-Oct-2018 21:10:05.134 INFO [main] org.apache.coyote.AbstractProtocol.destroy Destroying ProtocolHandler ["http-nio-8080"]
28-Oct-2018 21:10:05.134 INFO [main] org.apache.coyote.AbstractProtocol.destroy Destroying ProtocolHandler ["ajp-nio-8009"]
