27-Oct-2018 10:08:28.909 INFO [main] org.apache.catalina.startup.VersionLoggerListener.log Server version:        Apache Tomcat/9.0.12
27-Oct-2018 10:08:28.931 INFO [main] org.apache.catalina.startup.VersionLoggerListener.log Server built:          Sep 4 2018 22:13:41 UTC
27-Oct-2018 10:08:28.931 INFO [main] org.apache.catalina.startup.VersionLoggerListener.log Server number:         9.0.12.0
27-Oct-2018 10:08:28.931 INFO [main] org.apache.catalina.startup.VersionLoggerListener.log OS Name:               Windows 10
27-Oct-2018 10:08:28.931 INFO [main] org.apache.catalina.startup.VersionLoggerListener.log OS Version:            10.0
27-Oct-2018 10:08:28.931 INFO [main] org.apache.catalina.startup.VersionLoggerListener.log Architecture:          amd64
27-Oct-2018 10:08:28.931 INFO [main] org.apache.catalina.startup.VersionLoggerListener.log Java Home:             C:\Program Files\Java\jdk1.8.0_191\jre
27-Oct-2018 10:08:28.932 INFO [main] org.apache.catalina.startup.VersionLoggerListener.log JVM Version:           1.8.0_191-b12
27-Oct-2018 10:08:28.932 INFO [main] org.apache.catalina.startup.VersionLoggerListener.log JVM Vendor:            Oracle Corporation
27-Oct-2018 10:08:28.932 INFO [main] org.apache.catalina.startup.VersionLoggerListener.log CATALINA_BASE:         D:\Eclipse Workspace\apache-tomcat-9.0.12
27-Oct-2018 10:08:28.932 INFO [main] org.apache.catalina.startup.VersionLoggerListener.log CATALINA_HOME:         D:\Eclipse Workspace\apache-tomcat-9.0.12
27-Oct-2018 10:08:28.932 INFO [main] org.apache.catalina.startup.VersionLoggerListener.log Command line argument: -Djava.util.logging.config.file=D:\Eclipse Workspace\apache-tomcat-9.0.12\conf\logging.properties
27-Oct-2018 10:08:28.932 INFO [main] org.apache.catalina.startup.VersionLoggerListener.log Command line argument: -Djava.util.logging.manager=org.apache.juli.ClassLoaderLogManager
27-Oct-2018 10:08:28.933 INFO [main] org.apache.catalina.startup.VersionLoggerListener.log Command line argument: -Djdk.tls.ephemeralDHKeySize=2048
27-Oct-2018 10:08:28.933 INFO [main] org.apache.catalina.startup.VersionLoggerListener.log Command line argument: -Djava.protocol.handler.pkgs=org.apache.catalina.webresources
27-Oct-2018 10:08:28.933 INFO [main] org.apache.catalina.startup.VersionLoggerListener.log Command line argument: -Dignore.endorsed.dirs=
27-Oct-2018 10:08:28.933 INFO [main] org.apache.catalina.startup.VersionLoggerListener.log Command line argument: -Dcatalina.base=D:\Eclipse Workspace\apache-tomcat-9.0.12
27-Oct-2018 10:08:28.933 INFO [main] org.apache.catalina.startup.VersionLoggerListener.log Command line argument: -Dcatalina.home=D:\Eclipse Workspace\apache-tomcat-9.0.12
27-Oct-2018 10:08:28.933 INFO [main] org.apache.catalina.startup.VersionLoggerListener.log Command line argument: -Djava.io.tmpdir=D:\Eclipse Workspace\apache-tomcat-9.0.12\temp
27-Oct-2018 10:08:28.933 INFO [main] org.apache.catalina.core.AprLifecycleListener.lifecycleEvent Loaded APR based Apache Tomcat Native library [1.2.17] using APR version [1.6.3].
27-Oct-2018 10:08:28.933 INFO [main] org.apache.catalina.core.AprLifecycleListener.lifecycleEvent APR capabilities: IPv6 [true], sendfile [true], accept filters [false], random [true].
27-Oct-2018 10:08:28.933 INFO [main] org.apache.catalina.core.AprLifecycleListener.lifecycleEvent APR/OpenSSL configuration: useAprConnector [false], useOpenSSL [true]
27-Oct-2018 10:08:30.107 INFO [main] org.apache.catalina.core.AprLifecycleListener.initializeSSL OpenSSL successfully initialized [OpenSSL 1.0.2o  27 Mar 2018]
27-Oct-2018 10:08:30.870 INFO [main] org.apache.coyote.AbstractProtocol.init Initializing ProtocolHandler ["http-nio-8080"]
27-Oct-2018 10:08:31.200 INFO [main] org.apache.tomcat.util.net.NioSelectorPool.getSharedSelector Using a shared selector for servlet write/read
27-Oct-2018 10:08:31.208 INFO [main] org.apache.coyote.AbstractProtocol.init Initializing ProtocolHandler ["ajp-nio-8009"]
27-Oct-2018 10:08:31.211 INFO [main] org.apache.tomcat.util.net.NioSelectorPool.getSharedSelector Using a shared selector for servlet write/read
27-Oct-2018 10:08:31.211 INFO [main] org.apache.catalina.startup.Catalina.load Initialization processed in 4114 ms
27-Oct-2018 10:08:31.353 INFO [main] org.apache.catalina.core.StandardService.startInternal Starting service [Catalina]
27-Oct-2018 10:08:31.353 INFO [main] org.apache.catalina.core.StandardEngine.startInternal Starting Servlet Engine: Apache Tomcat/9.0.12
27-Oct-2018 10:08:31.417 INFO [main] org.apache.catalina.startup.HostConfig.deployDescriptor Deploying deployment descriptor [D:\Eclipse Workspace\apache-tomcat-9.0.12\conf\Catalina\localhost\Login.xml]
27-Oct-2018 10:08:31.496 WARNING [main] org.apache.catalina.startup.HostConfig.deployDescriptor The path attribute with value [/Login] in deployment descriptor [D:\Eclipse Workspace\apache-tomcat-9.0.12\conf\Catalina\localhost\Login.xml] has been ignored
27-Oct-2018 10:08:41.179 INFO [main] org.apache.jasper.servlet.TldScanner.scanJars At least one JAR was scanned for TLDs yet contained no TLDs. Enable debug logging for this logger for a complete list of JARs that were scanned but no TLDs were found in them. Skipping unneeded JARs during scanning can improve startup time and JSP compilation time.
27-Oct-2018 10:08:41.354 INFO [main] org.apache.catalina.startup.HostConfig.deployDescriptor Deployment of deployment descriptor [D:\Eclipse Workspace\apache-tomcat-9.0.12\conf\Catalina\localhost\Login.xml] has finished in [9,936] ms
27-Oct-2018 10:08:41.354 INFO [main] org.apache.catalina.startup.HostConfig.deployDirectory Deploying web application directory [D:\Eclipse Workspace\apache-tomcat-9.0.12\webapps\docs]
27-Oct-2018 10:08:41.466 INFO [main] org.apache.catalina.startup.HostConfig.deployDirectory Deployment of web application directory [D:\Eclipse Workspace\apache-tomcat-9.0.12\webapps\docs] has finished in [112] ms
27-Oct-2018 10:08:41.467 INFO [main] org.apache.catalina.startup.HostConfig.deployDirectory Deploying web application directory [D:\Eclipse Workspace\apache-tomcat-9.0.12\webapps\examples]
27-Oct-2018 10:08:43.797 INFO [main] org.apache.catalina.startup.HostConfig.deployDirectory Deployment of web application directory [D:\Eclipse Workspace\apache-tomcat-9.0.12\webapps\examples] has finished in [2,331] ms
27-Oct-2018 10:08:43.797 INFO [main] org.apache.catalina.startup.HostConfig.deployDirectory Deploying web application directory [D:\Eclipse Workspace\apache-tomcat-9.0.12\webapps\host-manager]
27-Oct-2018 10:08:43.885 INFO [main] org.apache.catalina.startup.HostConfig.deployDirectory Deployment of web application directory [D:\Eclipse Workspace\apache-tomcat-9.0.12\webapps\host-manager] has finished in [88] ms
27-Oct-2018 10:08:43.885 INFO [main] org.apache.catalina.startup.HostConfig.deployDirectory Deploying web application directory [D:\Eclipse Workspace\apache-tomcat-9.0.12\webapps\manager]
27-Oct-2018 10:08:43.939 INFO [main] org.apache.catalina.startup.HostConfig.deployDirectory Deployment of web application directory [D:\Eclipse Workspace\apache-tomcat-9.0.12\webapps\manager] has finished in [53] ms
27-Oct-2018 10:08:43.939 INFO [main] org.apache.catalina.startup.HostConfig.deployDirectory Deploying web application directory [D:\Eclipse Workspace\apache-tomcat-9.0.12\webapps\ROOT]
27-Oct-2018 10:08:44.007 INFO [main] org.apache.catalina.startup.HostConfig.deployDirectory Deployment of web application directory [D:\Eclipse Workspace\apache-tomcat-9.0.12\webapps\ROOT] has finished in [68] ms
27-Oct-2018 10:08:44.012 INFO [main] org.apache.coyote.AbstractProtocol.start Starting ProtocolHandler ["http-nio-8080"]
27-Oct-2018 10:08:44.030 INFO [main] org.apache.coyote.AbstractProtocol.start Starting ProtocolHandler ["ajp-nio-8009"]
27-Oct-2018 10:08:44.036 INFO [main] org.apache.catalina.startup.Catalina.start Server startup in 12824 ms
27-Oct-2018 10:08:47.648 INFO [http-nio-8080-exec-6] org.apache.catalina.core.StandardContext.reload Reloading Context with name [/Login] has started
27-Oct-2018 10:08:48.485 INFO [http-nio-8080-exec-6] org.apache.jasper.servlet.TldScanner.scanJars At least one JAR was scanned for TLDs yet contained no TLDs. Enable debug logging for this logger for a complete list of JARs that were scanned but no TLDs were found in them. Skipping unneeded JARs during scanning can improve startup time and JSP compilation time.
27-Oct-2018 10:08:48.489 INFO [http-nio-8080-exec-6] org.apache.catalina.core.StandardContext.reload Reloading Context with name [/Login] is completed
27-Oct-2018 11:22:14.594 INFO [main] org.apache.catalina.core.StandardServer.await A valid shutdown command was received via the shutdown port. Stopping the Server instance.
27-Oct-2018 11:22:14.599 INFO [main] org.apache.coyote.AbstractProtocol.pause Pausing ProtocolHandler ["http-nio-8080"]
27-Oct-2018 11:22:14.850 INFO [main] org.apache.coyote.AbstractProtocol.pause Pausing ProtocolHandler ["ajp-nio-8009"]
27-Oct-2018 11:22:15.082 INFO [main] org.apache.catalina.core.StandardService.stopInternal Stopping service [Catalina]
27-Oct-2018 11:22:15.291 WARNING [main] org.apache.catalina.loader.WebappClassLoaderBase.clearReferencesJdbc The web application [Login] registered the JDBC driver [com.microsoft.sqlserver.jdbc.SQLServerDriver] but failed to unregister it when the web application was stopped. To prevent a memory leak, the JDBC Driver has been forcibly unregistered.
27-Oct-2018 11:22:15.302 INFO [main] org.apache.coyote.AbstractProtocol.stop Stopping ProtocolHandler ["http-nio-8080"]
27-Oct-2018 11:22:15.306 INFO [main] org.apache.coyote.AbstractProtocol.stop Stopping ProtocolHandler ["ajp-nio-8009"]
27-Oct-2018 11:22:15.309 INFO [main] org.apache.coyote.AbstractProtocol.destroy Destroying ProtocolHandler ["http-nio-8080"]
27-Oct-2018 11:22:15.310 INFO [main] org.apache.coyote.AbstractProtocol.destroy Destroying ProtocolHandler ["ajp-nio-8009"]
