23-Oct-2018 07:48:27.345 INFO [main] org.apache.catalina.core.ApplicationContext.log ContextListener: contextInitialized()
23-Oct-2018 07:48:27.345 INFO [main] org.apache.catalina.core.ApplicationContext.log SessionListener: contextInitialized()
23-Oct-2018 07:48:27.348 INFO [main] org.apache.catalina.core.ApplicationContext.log ContextListener: attributeAdded('StockTicker', 'async.Stockticker@302552ec')
23-Oct-2018 08:21:58.439 INFO [main] org.apache.catalina.core.ApplicationContext.log SessionListener: contextDestroyed()
23-Oct-2018 08:21:58.439 INFO [main] org.apache.catalina.core.ApplicationContext.log ContextListener: contextDestroyed()
23-Oct-2018 08:22:05.701 INFO [main] org.apache.catalina.core.ApplicationContext.log ContextListener: contextInitialized()
23-Oct-2018 08:22:05.701 INFO [main] org.apache.catalina.core.ApplicationContext.log SessionListener: contextInitialized()
23-Oct-2018 08:22:05.703 INFO [main] org.apache.catalina.core.ApplicationContext.log ContextListener: attributeAdded('StockTicker', 'async.Stockticker@141e5bef')
23-Oct-2018 08:30:18.987 INFO [main] org.apache.catalina.core.ApplicationContext.log SessionListener: contextDestroyed()
23-Oct-2018 08:30:18.988 INFO [main] org.apache.catalina.core.ApplicationContext.log ContextListener: contextDestroyed()
23-Oct-2018 10:36:04.436 INFO [main] org.apache.catalina.core.ApplicationContext.log ContextListener: contextInitialized()
23-Oct-2018 10:36:04.437 INFO [main] org.apache.catalina.core.ApplicationContext.log SessionListener: contextInitialized()
23-Oct-2018 10:36:04.439 INFO [main] org.apache.catalina.core.ApplicationContext.log ContextListener: attributeAdded('StockTicker', 'async.Stockticker@a4add54')
23-Oct-2018 10:51:45.946 INFO [main] org.apache.catalina.core.ApplicationContext.log SessionListener: contextDestroyed()
23-Oct-2018 10:51:45.947 INFO [main] org.apache.catalina.core.ApplicationContext.log ContextListener: contextDestroyed()
23-Oct-2018 10:51:57.553 INFO [main] org.apache.catalina.core.ApplicationContext.log ContextListener: contextInitialized()
23-Oct-2018 10:51:57.554 INFO [main] org.apache.catalina.core.ApplicationContext.log SessionListener: contextInitialized()
23-Oct-2018 10:51:57.555 INFO [main] org.apache.catalina.core.ApplicationContext.log ContextListener: attributeAdded('StockTicker', 'async.Stockticker@3abada5a')
23-Oct-2018 11:16:25.000 INFO [main] org.apache.catalina.core.ApplicationContext.log SessionListener: contextDestroyed()
23-Oct-2018 11:16:25.000 INFO [main] org.apache.catalina.core.ApplicationContext.log ContextListener: contextDestroyed()
