28-Oct-2018 19:49:26.240 INFO [main] org.apache.catalina.core.ApplicationContext.log ContextListener: contextInitialized()
28-Oct-2018 19:49:26.240 INFO [main] org.apache.catalina.core.ApplicationContext.log SessionListener: contextInitialized()
28-Oct-2018 19:49:26.240 INFO [main] org.apache.catalina.core.ApplicationContext.log ContextListener: attributeAdded('StockTicker', 'async.Stockticker@3d9c13b5')
28-Oct-2018 20:37:31.980 SEVERE [http-nio-8080-exec-42] org.apache.catalina.core.StandardWrapperValve.invoke Servlet.service() for servlet [SignUpServlet] in context with path [/OnlineFoodShop] threw exception
 java.lang.NullPointerException
	at controller.SignUpServlet.doPost(SignUpServlet.java:36)
	at javax.servlet.http.HttpServlet.service(HttpServlet.java:660)
	at javax.servlet.http.HttpServlet.service(HttpServlet.java:741)
	at org.apache.catalina.core.ApplicationFilterChain.internalDoFilter(ApplicationFilterChain.java:231)
	at org.apache.catalina.core.ApplicationFilterChain.doFilter(ApplicationFilterChain.java:166)
	at org.apache.tomcat.websocket.server.WsFilter.doFilter(WsFilter.java:53)
	at org.apache.catalina.core.ApplicationFilterChain.internalDoFilter(ApplicationFilterChain.java:193)
	at org.apache.catalina.core.ApplicationFilterChain.doFilter(ApplicationFilterChain.java:166)
	at org.apache.catalina.core.StandardWrapperValve.invoke(StandardWrapperValve.java:199)
	at org.apache.catalina.core.StandardContextValve.invoke(StandardContextValve.java:96)
	at org.apache.catalina.authenticator.AuthenticatorBase.invoke(AuthenticatorBase.java:490)
	at org.apache.catalina.core.StandardHostValve.invoke(StandardHostValve.java:139)
	at org.apache.catalina.valves.ErrorReportValve.invoke(ErrorReportValve.java:92)
	at org.apache.catalina.valves.AbstractAccessLogValve.invoke(AbstractAccessLogValve.java:668)
	at org.apache.catalina.core.StandardEngineValve.invoke(StandardEngineValve.java:74)
	at org.apache.catalina.connector.CoyoteAdapter.service(CoyoteAdapter.java:343)
	at org.apache.coyote.http11.Http11Processor.service(Http11Processor.java:408)
	at org.apache.coyote.AbstractProcessorLight.process(AbstractProcessorLight.java:66)
	at org.apache.coyote.AbstractProtocol$ConnectionHandler.process(AbstractProtocol.java:770)
	at org.apache.tomcat.util.net.NioEndpoint$SocketProcessor.doRun(NioEndpoint.java:1415)
	at org.apache.tomcat.util.net.SocketProcessorBase.run(SocketProcessorBase.java:49)
	at java.util.concurrent.ThreadPoolExecutor.runWorker(ThreadPoolExecutor.java:1149)
	at java.util.concurrent.ThreadPoolExecutor$Worker.run(ThreadPoolExecutor.java:624)
	at org.apache.tomcat.util.threads.TaskThread$WrappingRunnable.run(TaskThread.java:61)
	at java.lang.Thread.run(Thread.java:748)

28-Oct-2018 20:41:31.603 INFO [main] org.apache.catalina.core.ApplicationContext.log SessionListener: contextDestroyed()
28-Oct-2018 20:41:31.603 INFO [main] org.apache.catalina.core.ApplicationContext.log ContextListener: contextDestroyed()
28-Oct-2018 20:42:38.832 INFO [main] org.apache.catalina.core.ApplicationContext.log ContextListener: contextInitialized()
28-Oct-2018 20:42:38.832 INFO [main] org.apache.catalina.core.ApplicationContext.log SessionListener: contextInitialized()
28-Oct-2018 20:42:38.832 INFO [main] org.apache.catalina.core.ApplicationContext.log ContextListener: attributeAdded('StockTicker', 'async.Stockticker@3b96c42e')
28-Oct-2018 20:50:18.062 INFO [main] org.apache.catalina.core.ApplicationContext.log SessionListener: contextDestroyed()
28-Oct-2018 20:50:18.062 INFO [main] org.apache.catalina.core.ApplicationContext.log ContextListener: contextDestroyed()
28-Oct-2018 20:50:28.040 INFO [main] org.apache.catalina.core.ApplicationContext.log ContextListener: contextInitialized()
28-Oct-2018 20:50:28.040 INFO [main] org.apache.catalina.core.ApplicationContext.log SessionListener: contextInitialized()
28-Oct-2018 20:50:28.040 INFO [main] org.apache.catalina.core.ApplicationContext.log ContextListener: attributeAdded('StockTicker', 'async.Stockticker@28f8e165')
28-Oct-2018 20:59:52.538 INFO [main] org.apache.catalina.core.ApplicationContext.log SessionListener: contextDestroyed()
28-Oct-2018 20:59:52.538 INFO [main] org.apache.catalina.core.ApplicationContext.log ContextListener: contextDestroyed()
28-Oct-2018 21:00:41.076 INFO [main] org.apache.catalina.core.ApplicationContext.log ContextListener: contextInitialized()
28-Oct-2018 21:00:41.076 INFO [main] org.apache.catalina.core.ApplicationContext.log SessionListener: contextInitialized()
28-Oct-2018 21:00:41.076 INFO [main] org.apache.catalina.core.ApplicationContext.log ContextListener: attributeAdded('StockTicker', 'async.Stockticker@4b41dd5c')
28-Oct-2018 21:10:05.049 INFO [main] org.apache.catalina.core.ApplicationContext.log SessionListener: contextDestroyed()
28-Oct-2018 21:10:05.049 INFO [main] org.apache.catalina.core.ApplicationContext.log ContextListener: contextDestroyed()
